<?xml version="1.0" encoding="UTF-8"?>
<testsuite name="test.tetris.TetrisTestSuite" tests="43" skipped="0" failures="0" errors="0" timestamp="2019-10-20T20:32:16" hostname="DESKTOP-V95HU9C" time="0.201">
  <properties/>
  <testcase name="testPlacementI" classname="test.tetris.TetrisTestSuite" time="0.024"/>
  <testcase name="testPlacementIEven" classname="test.tetris.TetrisTestSuite" time="0.002"/>
  <testcase name="testPlacementJ" classname="test.tetris.TetrisTestSuite" time="0.002"/>
  <testcase name="testPlacementL" classname="test.tetris.TetrisTestSuite" time="0.002"/>
  <testcase name="testPlacementOEven" classname="test.tetris.TetrisTestSuite" time="0.001"/>
  <testcase name="testPlacementO" classname="test.tetris.TetrisTestSuite" time="0.002"/>
  <testcase name="testPlacementS" classname="test.tetris.TetrisTestSuite" time="0.002"/>
  <testcase name="testPlacementT" classname="test.tetris.TetrisTestSuite" time="0.002"/>
  <testcase name="testPlacementZ" classname="test.tetris.TetrisTestSuite" time="0.002"/>
  <testcase name="testIRotations" classname="test.tetris.TetrisTestSuite" time="0.002"/>
  <testcase name="testJRotations" classname="test.tetris.TetrisTestSuite" time="0.002"/>
  <testcase name="testLRotations" classname="test.tetris.TetrisTestSuite" time="0.003"/>
  <testcase name="testORotations" classname="test.tetris.TetrisTestSuite" time="0.003"/>
  <testcase name="testSRotations" classname="test.tetris.TetrisTestSuite" time="0.003"/>
  <testcase name="testTRotations" classname="test.tetris.TetrisTestSuite" time="0.003"/>
  <testcase name="testZRotations" classname="test.tetris.TetrisTestSuite" time="0.003"/>
  <testcase name="testRotate360" classname="test.tetris.TetrisTestSuite" time="0.002"/>
  <testcase name="testRotate360CC" classname="test.tetris.TetrisTestSuite" time="0.001"/>
  <testcase name="testRotateLeftRight" classname="test.tetris.TetrisTestSuite" time="0.003"/>
  <testcase name="testRotateRightLeft" classname="test.tetris.TetrisTestSuite" time="0.002"/>
  <testcase name="testMovement" classname="test.tetris.TetrisTestSuite" time="0.006"/>
  <testcase name="testMovement2" classname="test.tetris.TetrisTestSuite" time="0.004"/>
  <testcase name="testMoveOutLeft" classname="test.tetris.TetrisTestSuite" time="0.001"/>
  <testcase name="testMoveOutRight" classname="test.tetris.TetrisTestSuite" time="0.002"/>
  <testcase name="testBlockedByBlocksLeft" classname="test.tetris.TetrisTestSuite" time="0.001"/>
  <testcase name="testBlockedByBlocksRight" classname="test.tetris.TetrisTestSuite" time="0.002"/>
  <testcase name="testBlockedByBlocksRotateLeft" classname="test.tetris.TetrisTestSuite" time="0.001"/>
  <testcase name="testBlockedByBlocksRotateRight" classname="test.tetris.TetrisTestSuite" time="0.001"/>
  <testcase name="testSpawn" classname="test.tetris.TetrisTestSuite" time="0.002"/>
  <testcase name="testGameOver" classname="test.tetris.TetrisTestSuite" time="0.002"/>
  <testcase name="testNoEscapeGameOver" classname="test.tetris.TetrisTestSuite" time="0.001"/>
  <testcase name="testNoEscapeGameOver2" classname="test.tetris.TetrisTestSuite" time="0.002"/>
  <testcase name="testDrop" classname="test.tetris.TetrisTestSuite" time="0.006"/>
  <testcase name="testClear1Line" classname="test.tetris.TetrisTestSuite" time="0.002"/>
  <testcase name="testClear1LineMiddle" classname="test.tetris.TetrisTestSuite" time="0.002"/>
  <testcase name="testClear2Lines" classname="test.tetris.TetrisTestSuite" time="0.003"/>
  <testcase name="testClear3Lines" classname="test.tetris.TetrisTestSuite" time="0.003"/>
  <testcase name="testClear4Lines" classname="test.tetris.TetrisTestSuite" time="0.002"/>
  <testcase name="testGame5x9" classname="test.tetris.TetrisTestSuite" time="0.014"/>
  <testcase name="testGame8x11" classname="test.tetris.TetrisTestSuite" time="0.04"/>
  <testcase name="test6x10" classname="test.tetris.TetrisTestSuite" time="0.01"/>
  <testcase name="testInterleave5x9and8x11" classname="test.tetris.TetrisTestSuite" time="0.002"/>
  <testcase name="testInterleave8x11and6x10" classname="test.tetris.TetrisTestSuite" time="0.001"/>
  <system-out><![CDATA[Passed 43/43 tests
================================================
Total Functionality Points : 4.00/4.00 [100.00%]
================================================
(Initial code style points: 5.00)
========================================
testPlacementI : [?] Pass : +0.09 Points
This is what we got & expected:

step=0, rand=0, actions=<>
Want & Got
----------
.......
..IIII.
.......
.......

============================================
testPlacementIEven : [?] Pass : +0.09 Points
This is what we got & expected:

step=0, rand=0, actions=<>
Want & Got
----------
......
.IIII.
......
......

========================================
testPlacementJ : [?] Pass : +0.09 Points
This is what we got & expected:

step=0, rand=1, actions=<>
Want & Got
----------
..J....
..JJJ..
.......

========================================
testPlacementL : [?] Pass : +0.09 Points
This is what we got & expected:

step=0, rand=2, actions=<>
Want & Got
----------
...L..
.LLL..
......

============================================
testPlacementOEven : [?] Pass : +0.09 Points
This is what we got & expected:

step=0, rand=3, actions=<>
Want & Got
----------
..OO..
..OO..
......

========================================
testPlacementO : [?] Pass : +0.09 Points
This is what we got & expected:

step=0, rand=3, actions=<>
Want & Got
----------
...OO..
...OO..
.......

========================================
testPlacementS : [?] Pass : +0.09 Points
This is what we got & expected:

step=0, rand=4, actions=<>
Want & Got
----------
..SS.
.SS..
.....

========================================
testPlacementT : [?] Pass : +0.09 Points
This is what we got & expected:

step=0, rand=5, actions=<>
Want & Got
----------
...T....
..TTT...
........

========================================
testPlacementZ : [?] Pass : +0.09 Points
This is what we got & expected:

step=0, rand=6, actions=<>
Want & Got
----------
.ZZ...
..ZZ..
......

========================================
testIRotations : [?] Pass : +0.09 Points
This is what we got & expected:

step=0, rand=0, actions=<>
Want & Got
----------
....
IIII
....
....

step=1, rand=0, actions=<RotateRight>
Want & Got
----------
..I.
..I.
..I.
..I.

step=2, rand=0, actions=<RotateRight>
Want & Got
----------
....
....
IIII
....

step=3, rand=0, actions=<RotateRight>
Want & Got
----------
.I..
.I..
.I..
.I..

========================================
testJRotations : [?] Pass : +0.09 Points
This is what we got & expected:

step=0, rand=1, actions=<>
Want & Got
----------
J..
JJJ
...

step=1, rand=1, actions=<RotateRight>
Want & Got
----------
.JJ
.J.
.J.

step=2, rand=0, actions=<RotateRight>
Want & Got
----------
...
JJJ
..J

step=3, rand=0, actions=<RotateRight>
Want & Got
----------
.J.
.J.
JJ.

========================================
testLRotations : [?] Pass : +0.09 Points
This is what we got & expected:

step=0, rand=2, actions=<>
Want & Got
----------
..L
LLL
...

step=1, rand=1, actions=<RotateRight>
Want & Got
----------
.L.
.L.
.LL

step=2, rand=0, actions=<RotateRight>
Want & Got
----------
...
LLL
L..

step=3, rand=0, actions=<RotateRight>
Want & Got
----------
LL.
.L.
.L.

========================================
testORotations : [?] Pass : +0.09 Points
This is what we got & expected:

step=0, rand=3, actions=<>
Want & Got
----------
OO
OO

step=1, rand=1, actions=<RotateRight>
Want & Got
----------
OO
OO

step=2, rand=0, actions=<RotateRight>
Want & Got
----------
OO
OO

step=3, rand=0, actions=<RotateRight>
Want & Got
----------
OO
OO

========================================
testSRotations : [?] Pass : +0.09 Points
This is what we got & expected:

step=0, rand=4, actions=<>
Want & Got
----------
.SS
SS.
...

step=1, rand=1, actions=<RotateRight>
Want & Got
----------
.S.
.SS
..S

step=2, rand=0, actions=<RotateRight>
Want & Got
----------
...
.SS
SS.

step=3, rand=0, actions=<RotateRight>
Want & Got
----------
S..
SS.
.S.

========================================
testTRotations : [?] Pass : +0.09 Points
This is what we got & expected:

step=0, rand=5, actions=<>
Want & Got
----------
.T.
TTT
...

step=1, rand=1, actions=<RotateRight>
Want & Got
----------
.T.
.TT
.T.

step=2, rand=0, actions=<RotateRight>
Want & Got
----------
...
TTT
.T.

step=3, rand=0, actions=<RotateRight>
Want & Got
----------
.T.
TT.
.T.

========================================
testZRotations : [?] Pass : +0.09 Points
This is what we got & expected:

step=0, rand=6, actions=<>
Want & Got
----------
ZZ.
.ZZ
...

step=1, rand=1, actions=<RotateRight>
Want & Got
----------
..Z
.ZZ
.Z.

step=2, rand=0, actions=<RotateRight>
Want & Got
----------
...
ZZ.
.ZZ

step=3, rand=0, actions=<RotateRight>
Want & Got
----------
.Z.
ZZ.
Z..

=======================================
testRotate360 : [?] Pass : +0.09 Points
This is what we got & expected:

step=0, rand=0, actions=<>
Want & Got
----------
....
IIII
....
....

step=1, rand=0, actions=<RotateRight, RotateRight, RotateRight, RotateRight>
Want & Got
----------
....
IIII
....
....

=========================================
testRotate360CC : [?] Pass : +0.09 Points
This is what we got & expected:

step=0, rand=5, actions=<>
Want & Got
----------
.T.
TTT
...

step=1, rand=0, actions=<RotateLeft, RotateLeft, RotateLeft, RotateLeft>
Want & Got
----------
.T.
TTT
...

=============================================
testRotateLeftRight : [?] Pass : +0.09 Points
This is what we got & expected:

step=0, rand=6, actions=<>
Want & Got
----------
ZZ.
.ZZ
...

step=1, rand=6, actions=<RotateRight>
Want & Got
----------
..Z
.ZZ
.Z.

step=2, rand=6, actions=<RotateLeft>
Want & Got
----------
ZZ.
.ZZ
...

=============================================
testRotateRightLeft : [?] Pass : +0.09 Points
This is what we got & expected:

step=0, rand=2, actions=<>
Want & Got
----------
..L
LLL
...

step=1, rand=0, actions=<RotateLeft>
Want & Got
----------
LL.
.L.
.L.

step=2, rand=0, actions=<RotateLeft>
Want & Got
----------
...
LLL
L..

step=3, rand=0, actions=<RotateRight>
Want & Got
----------
LL.
.L.
.L.

step=4, rand=2, actions=<RotateRight>
Want & Got
----------
..L
LLL
...

======================================
testMovement : [?] Pass : +0.09 Points
This is what we got & expected:

step=0, rand=4, actions=<>
Want & Got
----------
..SS..
.SS...
......
......

step=1, rand=4, actions=<Left>
Want & Got
----------
.SS...
SS....
......
......

step=2, rand=4, actions=<Right>
Want & Got
----------
..SS..
.SS...
......
......

step=3, rand=4, actions=<Right>
Want & Got
----------
...SS.
..SS..
......
......

step=4, rand=4, actions=<Right>
Want & Got
----------
....SS
...SS.
......
......

step=5, rand=4, actions=<Down>
Want & Got
----------
......
....SS
...SS.
......

step=6, rand=4, actions=<Left>
Want & Got
----------
......
...SS.
..SS..
......

step=7, rand=4, actions=<Left>
Want & Got
----------
......
..SS..
.SS...
......

step=8, rand=4, actions=<Left>
Want & Got
----------
......
.SS...
SS....
......

step=9, rand=4, actions=<Down>
Want & Got
----------
......
......
.SS...
SS....

step=10, rand=4, actions=<Right>
Want & Got
----------
......
......
..SS..
.SS...

step=11, rand=4, actions=<Right>
Want & Got
----------
......
......
...SS.
..SS..

step=12, rand=4, actions=<Right>
Want & Got
----------
......
......
....SS
...SS.

=======================================
testMovement2 : [?] Pass : +0.09 Points
This is what we got & expected:

step=0, rand=5, actions=<>
Want & Got
----------
...T...
..TTT..
.......
.......

step=1, rand=5, actions=<Left>
Want & Got
----------
..T....
.TTT...
.......
.......

step=2, rand=5, actions=<Left>
Want & Got
----------
.T.....
TTT....
.......
.......

step=3, rand=5, actions=<Down>
Want & Got
----------
.......
.T.....
TTT....
.......

step=4, rand=5, actions=<Right>
Want & Got
----------
.......
..T....
.TTT...
.......

step=5, rand=5, actions=<Right>
Want & Got
----------
.......
...T...
..TTT..
.......

step=6, rand=5, actions=<Right>
Want & Got
----------
.......
....T..
...TTT.
.......

step=7, rand=5, actions=<Right>
Want & Got
----------
.......
.....T.
....TTT
.......

step=8, rand=5, actions=<Down>
Want & Got
----------
.......
.......
.....T.
....TTT

step=9, rand=5, actions=<Left>
Want & Got
----------
.......
.......
....T..
...TTT.

step=10, rand=5, actions=<Left>
Want & Got
----------
.......
.......
...T...
..TTT..

step=11, rand=5, actions=<Left>
Want & Got
----------
.......
.......
..T....
.TTT...

step=12, rand=5, actions=<Left>
Want & Got
----------
.......
.......
.T.....
TTT....

=========================================
testMoveOutLeft : [?] Pass : +0.09 Points
This is what we got & expected:

step=0, rand=5, actions=<>
Want & Got
----------
...T...
..TTT..
.......

step=1, rand=5, actions=<Left>
Want & Got
----------
..T....
.TTT...
.......

step=2, rand=5, actions=<Left>
Want & Got
----------
.T.....
TTT....
.......

step=3, rand=5, actions=<Left>
Want & Got
----------
.T.....
TTT....
.......

step=4, rand=5, actions=<Left, Left, Left, Left>
Want & Got
----------
.T.....
TTT....
.......

==========================================
testMoveOutRight : [?] Pass : +0.09 Points
This is what we got & expected:

step=0, rand=2, actions=<>
Want & Got
----------
...L..
.LLL..
......

step=1, rand=2, actions=<Right, Right>
Want & Got
----------
.....L
...LLL
......

step=2, rand=2, actions=<Right>
Want & Got
----------
.....L
...LLL
......

step=3, rand=2, actions=<Right, Right, Right, Right, Right>
Want & Got
----------
.....L
...LLL
......

=================================================
testBlockedByBlocksLeft : [?] Pass : +0.09 Points
This is what we got & expected:

step=0, rand=2, actions=<>
Want & Got
----------
O..L..
OLLL..
O.....

step=1, rand=2, actions=<Left>
Want & Got
----------
O..L..
OLLL..
O.....

==================================================
testBlockedByBlocksRight : [?] Pass : +0.09 Points
This is what we got & expected:

step=0, rand=4, actions=<>
Want & Got
----------
..SS.J
.SS...
......

step=1, rand=4, actions=<Right>
Want & Got
----------
...SSJ
..SS..
......

step=2, rand=4, actions=<Right>
Want & Got
----------
...SSJ
..SS..
......

=======================================================
testBlockedByBlocksRotateLeft : [?] Pass : +0.09 Points
This is what we got & expected:

step=0, rand=1, actions=<>
Want & Got
----------
J..
JJJ
Z..

step=1, rand=1, actions=<RotateLeft>
Want & Got
----------
J..
JJJ
Z..

========================================================
testBlockedByBlocksRotateRight : [?] Pass : +0.09 Points
This is what we got & expected:

step=0, rand=0, actions=<>
Want & Got
----------
...O..
.IIII.
......
......

step=1, rand=0, actions=<RotateRight>
Want & Got
----------
...O..
.IIII.
......
......

step=2, rand=0, actions=<Left>
Want & Got
----------
...O..
IIII..
......
......

step=3, rand=0, actions=<RotateRight>
Want & Got
----------
..IO..
..I...
..I...
..I...

===================================
testSpawn : [?] Pass : +0.09 Points
This is what we got & expected:

step=0, rand=0, actions=<>
Want & Got
----------
.....
.IIII
.....
.....

step=1, rand=0, actions=<Down>
Want & Got
----------
.....
.....
.IIII
.....

step=2, rand=0, actions=<Down>
Want & Got
----------
.....
.....
.....
.IIII

step=3, rand=0, actions=<Down>
Want & Got
----------
.....
.IIII
.....
.IIII

step=4, rand=0, actions=<Down>
Want & Got
----------
.....
.....
.IIII
.IIII

step=5, rand=0, actions=<Down>
Want & Got
----------
.....
.IIII
.IIII
.IIII

======================================
testGameOver : [?] Pass : +0.09 Points
This is what we got & expected:

step=0, rand=2, actions=<>
Want & Got
----------
..L.
LLL.
....
....

step=1, rand=2, actions=<Down>
Want & Got
----------
....
..L.
LLL.
....

step=2, rand=2, actions=<Down>
Want & Got
----------
....
....
..L.
LLL.

step=3, rand=3, actions=<Down>
Want & Got
----------
.OO.
.OO.
..L.
LLL.

step=4, rand=4, actions=<Down>
Want & Got
----------
GameOverDisplay()

==============================================
testNoEscapeGameOver : [?] Pass : +0.09 Points
This is what we got & expected:

step=0, rand=1, actions=<>
Want & Got
----------
J...
JJJ.
....

step=1, rand=1, actions=<Down>
Want & Got
----------
....
J...
JJJ.

step=2, rand=1, actions=<Down>
Want & Got
----------
GameOverDisplay()

step=3, rand=1, actions=<Right>
Want & Got
----------
GameOverDisplay()

===============================================
testNoEscapeGameOver2 : [?] Pass : +0.09 Points
This is what we got & expected:

step=0, rand=1, actions=<>
Want & Got
----------
J...
JJJ.
....
....

step=1, rand=1, actions=<RotateRight>
Want & Got
----------
.JJ.
.J..
.J..
....

step=2, rand=1, actions=<Left>
Want & Got
----------
JJ..
J...
J...
....

step=3, rand=1, actions=<Down>
Want & Got
----------
....
JJ..
J...
J...

step=4, rand=0, actions=<Down>
Want & Got
----------
GameOverDisplay()

step=5, rand=0, actions=<RotateRight>
Want & Got
----------
GameOverDisplay()

==================================
testDrop : [?] Pass : +0.09 Points
This is what we got & expected:

step=0, rand=0, actions=<Drop>
Want & Got
----------
....
IIII
....
....
.T..
TTT.

step=1, rand=0, actions=<RotateRight>
Want & Got
----------
..I.
..I.
..I.
..I.
.T..
TTT.

step=2, rand=0, actions=<Right>
Want & Got
----------
...I
...I
...I
...I
.T..
TTT.

step=3, rand=5, actions=<Drop>
Want & Got
----------
.T..
TTT.
....
...I
...I
.T.I

step=4, rand=5, actions=<RotateRight>
Want & Got
----------
.T..
.TT.
.T..
...I
...I
.T.I

step=5, rand=5, actions=<Left>
Want & Got
----------
T...
TT..
T...
...I
...I
.T.I

step=6, rand=0, actions=<Drop>
Want & Got
----------
....
IIII
....
T..I
TT.I
TT.I

step=7, rand=0, actions=<RotateRight>
Want & Got
----------
..I.
..I.
..I.
T.II
TT.I
TT.I

step=8, rand=5, actions=<Drop>
Want & Got
----------
.T..
TTT.
....
....
..I.
T.II

step=9, rand=5, actions=<RotateRight>
Want & Got
----------
.T..
.TT.
.T..
....
..I.
T.II

step=10, rand=5, actions=<RotateRight>
Want & Got
----------
....
TTT.
.T..
....
..I.
T.II

step=11, rand=5, actions=<RotateRight>
Want & Got
----------
.T..
TT..
.T..
....
..I.
T.II

step=12, rand=0, actions=<Drop>
Want & Got
----------
....
IIII
....
....
.T..
TTI.

step=13, rand=0, actions=<RotateRight>
Want & Got
----------
..I.
..I.
..I.
..I.
.T..
TTI.

step=14, rand=0, actions=<Right>
Want & Got
----------
...I
...I
...I
...I
.T..
TTI.

step=15, rand=5, actions=<Drop>
Want & Got
----------
.T..
TTT.
....
...I
...I
.T.I

step=16, rand=5, actions=<RotateRight>
Want & Got
----------
.T..
.TT.
.T..
...I
...I
.T.I

step=17, rand=5, actions=<RotateRight>
Want & Got
----------
....
TTT.
.T..
...I
...I
.T.I

step=18, rand=5, actions=<RotateRight>
Want & Got
----------
.T..
TT..
.T..
...I
...I
.T.I

step=19, rand=5, actions=<Right>
Want & Got
----------
..T.
.TT.
..T.
...I
...I
.T.I

step=20, rand=0, actions=<Drop>
Want & Got
----------
....
IIII
....
..TI
.TTI
.TTI

========================================
testClear1Line : [?] Pass : +0.09 Points
This is what we got & expected:

step=0, rand=4, actions=<>
Want & Got
----------
.SS
SS.
...
...
ZZ.

step=1, rand=4, actions=<RotateRight>
Want & Got
----------
.S.
.SS
..S
...
ZZ.

step=2, rand=4, actions=<Down>
Want & Got
----------
...
.S.
.SS
..S
ZZ.

step=3, rand=4, actions=<Down>
Want & Got
----------
...
...
.S.
.SS
ZZS

step=4, rand=4, actions=<Down>
Want & Got
----------
.SS
SS.
...
.S.
.SS

==============================================
testClear1LineMiddle : [?] Pass : +0.09 Points
This is what we got & expected:

step=0, rand=0, actions=<>
Want & Got
----------
....
IIII
....
....
.Z..
.Z..
ZZZ.
ZZ..
Z.Z.

step=1, rand=0, actions=<RotateRight>
Want & Got
----------
..I.
..I.
..I.
..I.
.Z..
.Z..
ZZZ.
ZZ..
Z.Z.

step=2, rand=0, actions=<Right>
Want & Got
----------
...I
...I
...I
...I
.Z..
.Z..
ZZZ.
ZZ..
Z.Z.

step=3, rand=0, actions=<Down>
Want & Got
----------
....
...I
...I
...I
.Z.I
.Z..
ZZZ.
ZZ..
Z.Z.

step=4, rand=0, actions=<Down>
Want & Got
----------
....
....
...I
...I
.Z.I
.Z.I
ZZZ.
ZZ..
Z.Z.

step=5, rand=0, actions=<Down>
Want & Got
----------
....
....
....
...I
.Z.I
.Z.I
ZZZI
ZZ..
Z.Z.

step=6, rand=0, actions=<Down>
Want & Got
----------
....
....
....
....
.Z.I
.Z.I
ZZZI
ZZ.I
Z.Z.

step=7, rand=0, actions=<Down>
Want & Got
----------
....
....
....
....
.Z..
.Z.I
ZZZI
ZZ.I
Z.ZI

step=8, rand=0, actions=<Down>
Want & Got
----------
....
IIII
....
....
....
.Z..
.Z.I
ZZ.I
Z.ZI

=========================================
testClear2Lines : [?] Pass : +0.09 Points
This is what we got & expected:

step=0, rand=0, actions=<>
Want & Got
----------
....
IIII
....
....
ZZZ.
.Z..
ZZZ.
Z.Z.

step=1, rand=0, actions=<RotateRight>
Want & Got
----------
..I.
..I.
..I.
..I.
ZZZ.
.Z..
ZZZ.
Z.Z.

step=2, rand=0, actions=<Right>
Want & Got
----------
...I
...I
...I
...I
ZZZ.
.Z..
ZZZ.
Z.Z.

step=3, rand=0, actions=<Down>
Want & Got
----------
....
...I
...I
...I
ZZZI
.Z..
ZZZ.
Z.Z.

step=4, rand=0, actions=<Down>
Want & Got
----------
....
....
...I
...I
ZZZI
.Z.I
ZZZ.
Z.Z.

step=5, rand=0, actions=<Down>
Want & Got
----------
....
....
....
...I
ZZZI
.Z.I
ZZZI
Z.Z.

step=6, rand=0, actions=<Down>
Want & Got
----------
....
....
....
....
ZZZI
.Z.I
ZZZI
Z.ZI

step=7, rand=0, actions=<Down>
Want & Got
----------
....
IIII
....
....
....
....
.Z.I
Z.ZI

=========================================
testClear3Lines : [?] Pass : +0.09 Points
This is what we got & expected:

step=0, rand=0, actions=<>
Want & Got
----------
....
IIII
....
....
ZZZ.
.Z..
ZZZ.
ZZZ.

step=1, rand=0, actions=<RotateRight>
Want & Got
----------
..I.
..I.
..I.
..I.
ZZZ.
.Z..
ZZZ.
ZZZ.

step=2, rand=0, actions=<Right>
Want & Got
----------
...I
...I
...I
...I
ZZZ.
.Z..
ZZZ.
ZZZ.

step=3, rand=0, actions=<Down>
Want & Got
----------
....
...I
...I
...I
ZZZI
.Z..
ZZZ.
ZZZ.

step=4, rand=0, actions=<Down>
Want & Got
----------
....
....
...I
...I
ZZZI
.Z.I
ZZZ.
ZZZ.

step=5, rand=0, actions=<Down>
Want & Got
----------
....
....
....
...I
ZZZI
.Z.I
ZZZI
ZZZ.

step=6, rand=0, actions=<Down>
Want & Got
----------
....
....
....
....
ZZZI
.Z.I
ZZZI
ZZZI

step=7, rand=0, actions=<Down>
Want & Got
----------
....
IIII
....
....
....
....
....
.Z.I

=========================================
testClear4Lines : [?] Pass : +0.09 Points
This is what we got & expected:

step=0, rand=0, actions=<>
Want & Got
----------
....
IIII
....
...O
Z.ZZ
Z.ZZ
Z.ZZ
Z.ZZ
.ZZZ

step=1, rand=0, actions=<RotateRight>
Want & Got
----------
..I.
..I.
..I.
..IO
Z.ZZ
Z.ZZ
Z.ZZ
Z.ZZ
.ZZZ

step=2, rand=0, actions=<Left>
Want & Got
----------
.I..
.I..
.I..
.I.O
Z.ZZ
Z.ZZ
Z.ZZ
Z.ZZ
.ZZZ

step=3, rand=0, actions=<Down>
Want & Got
----------
....
.I..
.I..
.I.O
ZIZZ
Z.ZZ
Z.ZZ
Z.ZZ
.ZZZ

step=4, rand=0, actions=<Down>
Want & Got
----------
....
....
.I..
.I.O
ZIZZ
ZIZZ
Z.ZZ
Z.ZZ
.ZZZ

step=5, rand=0, actions=<Down>
Want & Got
----------
....
....
....
.I.O
ZIZZ
ZIZZ
ZIZZ
Z.ZZ
.ZZZ

step=6, rand=0, actions=<Down>
Want & Got
----------
....
....
....
...O
ZIZZ
ZIZZ
ZIZZ
ZIZZ
.ZZZ

step=7, rand=0, actions=<Down>
Want & Got
----------
....
IIII
....
....
....
....
....
...O
.ZZZ

=====================================
testGame5x9 : [?] Pass : +0.09 Points
This is what we got & expected:

step=0, rand=0, actions=<>
Want & Got
----------
.....
.IIII
.....
.....
.....
.....
.....
.....
.....

step=1, rand=0, actions=<RotateRight>
Want & Got
----------
...I.
...I.
...I.
...I.
.....
.....
.....
.....
.....

step=2, rand=0, actions=<Down>
Want & Got
----------
.....
...I.
...I.
...I.
...I.
.....
.....
.....
.....

step=3, rand=0, actions=<Down>
Want & Got
----------
.....
.....
...I.
...I.
...I.
...I.
.....
.....
.....

step=4, rand=0, actions=<Down>
Want & Got
----------
.....
.....
.....
...I.
...I.
...I.
...I.
.....
.....

step=5, rand=0, actions=<Down>
Want & Got
----------
.....
.....
.....
.....
...I.
...I.
...I.
...I.
.....

step=6, rand=0, actions=<Down>
Want & Got
----------
.....
.....
.....
.....
.....
...I.
...I.
...I.
...I.

step=7, rand=0, actions=<Down>
Want & Got
----------
.....
.IIII
.....
.....
.....
...I.
...I.
...I.
...I.

step=8, rand=0, actions=<RotateRight>
Want & Got
----------
...I.
...I.
...I.
...I.
.....
...I.
...I.
...I.
...I.

step=9, rand=0, actions=<Left>
Want & Got
----------
..I..
..I..
..I..
..I..
.....
...I.
...I.
...I.
...I.

step=10, rand=0, actions=<Down>
Want & Got
----------
.....
..I..
..I..
..I..
..I..
...I.
...I.
...I.
...I.

step=11, rand=0, actions=<Down>
Want & Got
----------
.....
.....
..I..
..I..
..I..
..II.
...I.
...I.
...I.

step=12, rand=0, actions=<Down>
Want & Got
----------
.....
.....
.....
..I..
..I..
..II.
..II.
...I.
...I.

step=13, rand=0, actions=<Down>
Want & Got
----------
.....
.....
.....
.....
..I..
..II.
..II.
..II.
...I.

step=14, rand=0, actions=<Down>
Want & Got
----------
.....
.....
.....
.....
.....
..II.
..II.
..II.
..II.

step=15, rand=3, actions=<Down>
Want & Got
----------
..OO.
..OO.
.....
.....
.....
..II.
..II.
..II.
..II.

step=16, rand=3, actions=<Left>
Want & Got
----------
.OO..
.OO..
.....
.....
.....
..II.
..II.
..II.
..II.

step=17, rand=3, actions=<Left>
Want & Got
----------
OO...
OO...
.....
.....
.....
..II.
..II.
..II.
..II.

step=18, rand=3, actions=<Down>
Want & Got
----------
.....
OO...
OO...
.....
.....
..II.
..II.
..II.
..II.

step=19, rand=3, actions=<Down>
Want & Got
----------
.....
.....
OO...
OO...
.....
..II.
..II.
..II.
..II.

step=20, rand=3, actions=<Down>
Want & Got
----------
.....
.....
.....
OO...
OO...
..II.
..II.
..II.
..II.

step=21, rand=3, actions=<Down>
Want & Got
----------
.....
.....
.....
.....
OO...
OOII.
..II.
..II.
..II.

step=22, rand=3, actions=<Down>
Want & Got
----------
.....
.....
.....
.....
.....
OOII.
OOII.
..II.
..II.

step=23, rand=3, actions=<Down>
Want & Got
----------
.....
.....
.....
.....
.....
..II.
OOII.
OOII.
..II.

step=24, rand=3, actions=<Down>
Want & Got
----------
.....
.....
.....
.....
.....
..II.
..II.
OOII.
OOII.

step=25, rand=0, actions=<Down>
Want & Got
----------
.....
.IIII
.....
.....
.....
..II.
..II.
OOII.
OOII.

step=26, rand=0, actions=<RotateRight>
Want & Got
----------
...I.
...I.
...I.
...I.
.....
..II.
..II.
OOII.
OOII.

step=27, rand=0, actions=<Left>
Want & Got
----------
..I..
..I..
..I..
..I..
.....
..II.
..II.
OOII.
OOII.

step=28, rand=0, actions=<Left>
Want & Got
----------
.I...
.I...
.I...
.I...
.....
..II.
..II.
OOII.
OOII.

step=29, rand=0, actions=<Left>
Want & Got
----------
I....
I....
I....
I....
.....
..II.
..II.
OOII.
OOII.

step=30, rand=0, actions=<Down>
Want & Got
----------
.....
I....
I....
I....
I....
..II.
..II.
OOII.
OOII.

step=31, rand=0, actions=<Down>
Want & Got
----------
.....
.....
I....
I....
I....
I.II.
..II.
OOII.
OOII.

step=32, rand=0, actions=<Down>
Want & Got
----------
.....
.....
.....
I....
I....
I.II.
I.II.
OOII.
OOII.

step=33, rand=1, actions=<Down>
Want & Got
----------
.J...
.JJJ.
.....
I....
I....
I.II.
I.II.
OOII.
OOII.

step=34, rand=1, actions=<RotateRight>
Want & Got
----------
..JJ.
..J..
..J..
I....
I....
I.II.
I.II.
OOII.
OOII.

step=35, rand=1, actions=<Left>
Want & Got
----------
.JJ..
.J...
.J...
I....
I....
I.II.
I.II.
OOII.
OOII.

step=36, rand=1, actions=<Down>
Want & Got
----------
.....
.JJ..
.J...
IJ...
I....
I.II.
I.II.
OOII.
OOII.

step=37, rand=1, actions=<Down>
Want & Got
----------
.....
.....
.JJ..
IJ...
IJ...
I.II.
I.II.
OOII.
OOII.

step=38, rand=1, actions=<Down>
Want & Got
----------
.....
.....
.....
IJJ..
IJ...
IJII.
I.II.
OOII.
OOII.

step=39, rand=1, actions=<Down>
Want & Got
----------
.....
.....
.....
I....
IJJ..
IJII.
IJII.
OOII.
OOII.

step=40, rand=4, actions=<Down>
Want & Got
----------
..SS.
.SS..
.....
I....
IJJ..
IJII.
IJII.
OOII.
OOII.

step=41, rand=4, actions=<RotateRight>
Want & Got
----------
..S..
..SS.
...S.
I....
IJJ..
IJII.
IJII.
OOII.
OOII.

step=42, rand=4, actions=<Right>
Want & Got
----------
...S.
...SS
....S
I....
IJJ..
IJII.
IJII.
OOII.
OOII.

step=43, rand=4, actions=<Down>
Want & Got
----------
.....
...S.
...SS
I...S
IJJ..
IJII.
IJII.
OOII.
OOII.

step=44, rand=4, actions=<Down>
Want & Got
----------
.....
.....
...S.
I..SS
IJJ.S
IJII.
IJII.
OOII.
OOII.

step=45, rand=4, actions=<Down>
Want & Got
----------
.....
.....
.....
I..S.
IJJSS
IJIIS
IJII.
OOII.
OOII.

step=46, rand=2, actions=<Down>
Want & Got
----------
...L.
.LLL.
.....
.....
.....
I..S.
IJII.
OOII.
OOII.

step=47, rand=2, actions=<RotateRight>
Want & Got
----------
..L..
..L..
..LL.
.....
.....
I..S.
IJII.
OOII.
OOII.

step=48, rand=2, actions=<Left>
Want & Got
----------
.L...
.L...
.LL..
.....
.....
I..S.
IJII.
OOII.
OOII.

step=49, rand=2, actions=<Down>
Want & Got
----------
.....
.L...
.L...
.LL..
.....
I..S.
IJII.
OOII.
OOII.

step=50, rand=2, actions=<Down>
Want & Got
----------
.....
.....
.L...
.L...
.LL..
I..S.
IJII.
OOII.
OOII.

step=51, rand=2, actions=<Down>
Want & Got
----------
.....
.....
.....
.L...
.L...
ILLS.
IJII.
OOII.
OOII.

step=52, rand=1, actions=<Down>
Want & Got
----------
.J...
.JJJ.
.....
.L...
.L...
ILLS.
IJII.
OOII.
OOII.

step=53, rand=1, actions=<RotateRight>
Want & Got
----------
..JJ.
..J..
..J..
.L...
.L...
ILLS.
IJII.
OOII.
OOII.

step=54, rand=1, actions=<Left>
Want & Got
----------
.JJ..
.J...
.J...
.L...
.L...
ILLS.
IJII.
OOII.
OOII.

step=55, rand=1, actions=<Left>
Want & Got
----------
JJ...
J....
J....
.L...
.L...
ILLS.
IJII.
OOII.
OOII.

step=56, rand=1, actions=<Down>
Want & Got
----------
.....
JJ...
J....
JL...
.L...
ILLS.
IJII.
OOII.
OOII.

step=57, rand=1, actions=<Down>
Want & Got
----------
.....
.....
JJ...
JL...
JL...
ILLS.
IJII.
OOII.
OOII.

step=58, rand=4, actions=<Down>
Want & Got
----------
..SS.
.SS..
JJ...
JL...
JL...
ILLS.
IJII.
OOII.
OOII.

step=59, rand=4, actions=<Right>
Want & Got
----------
...SS
..SS.
JJ...
JL...
JL...
ILLS.
IJII.
OOII.
OOII.

step=60, rand=4, actions=<RotateRight>
Want & Got
----------
...S.
...SS
JJ..S
JL...
JL...
ILLS.
IJII.
OOII.
OOII.

step=61, rand=4, actions=<Right>
Want & Got
----------
...S.
...SS
JJ..S
JL...
JL...
ILLS.
IJII.
OOII.
OOII.

step=62, rand=4, actions=<Down>
Want & Got
----------
.....
...S.
JJ.SS
JL..S
JL...
ILLS.
IJII.
OOII.
OOII.

step=63, rand=4, actions=<Down>
Want & Got
----------
.....
.....
JJ.S.
JL.SS
JL..S
ILLS.
IJII.
OOII.
OOII.

step=64, rand=4, actions=<Down>
Want & Got
----------
.....
.....
JJ...
JL.S.
JL.SS
ILLSS
IJII.
OOII.
OOII.

step=65, rand=6, actions=<Down>
Want & Got
----------
.ZZ..
..ZZ.
.....
JJ...
JL.S.
JL.SS
IJII.
OOII.
OOII.

step=66, rand=6, actions=<Right>
Want & Got
----------
..ZZ.
...ZZ
.....
JJ...
JL.S.
JL.SS
IJII.
OOII.
OOII.

step=67, rand=6, actions=<RotateRight>
Want & Got
----------
....Z
...ZZ
...Z.
JJ...
JL.S.
JL.SS
IJII.
OOII.
OOII.

step=68, rand=6, actions=<Left>
Want & Got
----------
...Z.
..ZZ.
..Z..
JJ...
JL.S.
JL.SS
IJII.
OOII.
OOII.

step=69, rand=6, actions=<Down>
Want & Got
----------
.....
...Z.
..ZZ.
JJZ..
JL.S.
JL.SS
IJII.
OOII.
OOII.

step=70, rand=6, actions=<Down>
Want & Got
----------
.....
.....
...Z.
JJZZ.
JLZS.
JL.SS
IJII.
OOII.
OOII.

step=71, rand=3, actions=<Down>
Want & Got
----------
..OO.
..OO.
...Z.
JJZZ.
JLZS.
JL.SS
IJII.
OOII.
OOII.

step=72, rand=3, actions=<Left>
Want & Got
----------
.OO..
.OO..
...Z.
JJZZ.
JLZS.
JL.SS
IJII.
OOII.
OOII.

step=73, rand=3, actions=<Down>
Want & Got
----------
.....
.OO..
.OOZ.
JJZZ.
JLZS.
JL.SS
IJII.
OOII.
OOII.

step=74, rand=1, actions=<Down>
Want & Got
----------
GameOverDisplay()

======================================
testGame8x11 : [?] Pass : +0.09 Points
This is what we got & expected:

step=0, rand=2, actions=<>
Want & Got
-----------
....L...
..LLL...
........
........
........
........
........
........
........
........
........

step=1, rand=2, actions=<Right>
Want & Got
-----------
.....L..
...LLL..
........
........
........
........
........
........
........
........
........

step=2, rand=2, actions=<Right>
Want & Got
-----------
......L.
....LLL.
........
........
........
........
........
........
........
........
........

step=3, rand=2, actions=<Down>
Want & Got
-----------
........
......L.
....LLL.
........
........
........
........
........
........
........
........

step=4, rand=2, actions=<Down>
Want & Got
-----------
........
........
......L.
....LLL.
........
........
........
........
........
........
........

step=5, rand=2, actions=<Down>
Want & Got
-----------
........
........
........
......L.
....LLL.
........
........
........
........
........
........

step=6, rand=2, actions=<Down>
Want & Got
-----------
........
........
........
........
......L.
....LLL.
........
........
........
........
........

step=7, rand=2, actions=<Down>
Want & Got
-----------
........
........
........
........
........
......L.
....LLL.
........
........
........
........

step=8, rand=2, actions=<Down>
Want & Got
-----------
........
........
........
........
........
........
......L.
....LLL.
........
........
........

step=9, rand=2, actions=<Down>
Want & Got
-----------
........
........
........
........
........
........
........
......L.
....LLL.
........
........

step=10, rand=2, actions=<Down>
Want & Got
-----------
........
........
........
........
........
........
........
........
......L.
....LLL.
........

step=11, rand=2, actions=<Down>
Want & Got
-----------
........
........
........
........
........
........
........
........
........
......L.
....LLL.

step=12, rand=6, actions=<Down>
Want & Got
-----------
..ZZ....
...ZZ...
........
........
........
........
........
........
........
......L.
....LLL.

step=13, rand=6, actions=<RotateRight>
Want & Got
-----------
....Z...
...ZZ...
...Z....
........
........
........
........
........
........
......L.
....LLL.

step=14, rand=6, actions=<Down>
Want & Got
-----------
........
....Z...
...ZZ...
...Z....
........
........
........
........
........
......L.
....LLL.

step=15, rand=6, actions=<Down>
Want & Got
-----------
........
........
....Z...
...ZZ...
...Z....
........
........
........
........
......L.
....LLL.

step=16, rand=6, actions=<Down>
Want & Got
-----------
........
........
........
....Z...
...ZZ...
...Z....
........
........
........
......L.
....LLL.

step=17, rand=6, actions=<Down>
Want & Got
-----------
........
........
........
........
....Z...
...ZZ...
...Z....
........
........
......L.
....LLL.

step=18, rand=6, actions=<Down>
Want & Got
-----------
........
........
........
........
........
....Z...
...ZZ...
...Z....
........
......L.
....LLL.

step=19, rand=6, actions=<Down>
Want & Got
-----------
........
........
........
........
........
........
....Z...
...ZZ...
...Z....
......L.
....LLL.

step=20, rand=6, actions=<Down>
Want & Got
-----------
........
........
........
........
........
........
........
....Z...
...ZZ...
...Z..L.
....LLL.

step=21, rand=6, actions=<Down>
Want & Got
-----------
........
........
........
........
........
........
........
........
....Z...
...ZZ.L.
...ZLLL.

step=22, rand=4, actions=<Down>
Want & Got
-----------
...SS...
..SS....
........
........
........
........
........
........
....Z...
...ZZ.L.
...ZLLL.

step=23, rand=4, actions=<Left>
Want & Got
-----------
..SS....
.SS.....
........
........
........
........
........
........
....Z...
...ZZ.L.
...ZLLL.

step=24, rand=4, actions=<RotateRight>
Want & Got
-----------
..S.....
..SS....
...S....
........
........
........
........
........
....Z...
...ZZ.L.
...ZLLL.

step=25, rand=4, actions=<Left>
Want & Got
-----------
.S......
.SS.....
..S.....
........
........
........
........
........
....Z...
...ZZ.L.
...ZLLL.

step=26, rand=4, actions=<Down>
Want & Got
-----------
........
.S......
.SS.....
..S.....
........
........
........
........
....Z...
...ZZ.L.
...ZLLL.

step=27, rand=4, actions=<Down>
Want & Got
-----------
........
........
.S......
.SS.....
..S.....
........
........
........
....Z...
...ZZ.L.
...ZLLL.

step=28, rand=4, actions=<Down>
Want & Got
-----------
........
........
........
.S......
.SS.....
..S.....
........
........
....Z...
...ZZ.L.
...ZLLL.

step=29, rand=4, actions=<Down>
Want & Got
-----------
........
........
........
........
.S......
.SS.....
..S.....
........
....Z...
...ZZ.L.
...ZLLL.

step=30, rand=4, actions=<Down>
Want & Got
-----------
........
........
........
........
........
.S......
.SS.....
..S.....
....Z...
...ZZ.L.
...ZLLL.

step=31, rand=4, actions=<Down>
Want & Got
-----------
........
........
........
........
........
........
.S......
.SS.....
..S.Z...
...ZZ.L.
...ZLLL.

step=32, rand=4, actions=<Down>
Want & Got
-----------
........
........
........
........
........
........
........
.S......
.SS.Z...
..SZZ.L.
...ZLLL.

step=33, rand=4, actions=<Down>
Want & Got
-----------
........
........
........
........
........
........
........
........
.S..Z...
.SSZZ.L.
..SZLLL.

step=34, rand=0, actions=<Down>
Want & Got
-----------
........
..IIII..
........
........
........
........
........
........
.S..Z...
.SSZZ.L.
..SZLLL.

step=35, rand=0, actions=<RotateRight>
Want & Got
-----------
....I...
....I...
....I...
....I...
........
........
........
........
.S..Z...
.SSZZ.L.
..SZLLL.

step=36, rand=0, actions=<Left>
Want & Got
-----------
...I....
...I....
...I....
...I....
........
........
........
........
.S..Z...
.SSZZ.L.
..SZLLL.

step=37, rand=0, actions=<Left>
Want & Got
-----------
..I.....
..I.....
..I.....
..I.....
........
........
........
........
.S..Z...
.SSZZ.L.
..SZLLL.

step=38, rand=0, actions=<Left>
Want & Got
-----------
.I......
.I......
.I......
.I......
........
........
........
........
.S..Z...
.SSZZ.L.
..SZLLL.

step=39, rand=0, actions=<Left>
Want & Got
-----------
I.......
I.......
I.......
I.......
........
........
........
........
.S..Z...
.SSZZ.L.
..SZLLL.

step=40, rand=0, actions=<Left>
Want & Got
-----------
I.......
I.......
I.......
I.......
........
........
........
........
.S..Z...
.SSZZ.L.
..SZLLL.

step=41, rand=0, actions=<Down>
Want & Got
-----------
........
I.......
I.......
I.......
I.......
........
........
........
.S..Z...
.SSZZ.L.
..SZLLL.

step=42, rand=0, actions=<Down>
Want & Got
-----------
........
........
I.......
I.......
I.......
I.......
........
........
.S..Z...
.SSZZ.L.
..SZLLL.

step=43, rand=0, actions=<Down>
Want & Got
-----------
........
........
........
I.......
I.......
I.......
I.......
........
.S..Z...
.SSZZ.L.
..SZLLL.

step=44, rand=0, actions=<Down>
Want & Got
-----------
........
........
........
........
I.......
I.......
I.......
I.......
.S..Z...
.SSZZ.L.
..SZLLL.

step=45, rand=0, actions=<Down>
Want & Got
-----------
........
........
........
........
........
I.......
I.......
I.......
IS..Z...
.SSZZ.L.
..SZLLL.

step=46, rand=0, actions=<Down>
Want & Got
-----------
........
........
........
........
........
........
I.......
I.......
IS..Z...
ISSZZ.L.
..SZLLL.

step=47, rand=0, actions=<Down>
Want & Got
-----------
........
........
........
........
........
........
........
I.......
IS..Z...
ISSZZ.L.
I.SZLLL.

step=48, rand=3, actions=<Down>
Want & Got
-----------
...OO...
...OO...
........
........
........
........
........
I.......
IS..Z...
ISSZZ.L.
I.SZLLL.

step=49, rand=3, actions=<Left>
Want & Got
-----------
..OO....
..OO....
........
........
........
........
........
I.......
IS..Z...
ISSZZ.L.
I.SZLLL.

step=50, rand=3, actions=<Down>
Want & Got
-----------
........
..OO....
..OO....
........
........
........
........
I.......
IS..Z...
ISSZZ.L.
I.SZLLL.

step=51, rand=3, actions=<Left>
Want & Got
-----------
........
.OO.....
.OO.....
........
........
........
........
I.......
IS..Z...
ISSZZ.L.
I.SZLLL.

step=52, rand=3, actions=<Down>
Want & Got
-----------
........
........
.OO.....
.OO.....
........
........
........
I.......
IS..Z...
ISSZZ.L.
I.SZLLL.

step=53, rand=3, actions=<Down>
Want & Got
-----------
........
........
........
.OO.....
.OO.....
........
........
I.......
IS..Z...
ISSZZ.L.
I.SZLLL.

step=54, rand=3, actions=<Down>
Want & Got
-----------
........
........
........
........
.OO.....
.OO.....
........
I.......
IS..Z...
ISSZZ.L.
I.SZLLL.

step=55, rand=3, actions=<Down>
Want & Got
-----------
........
........
........
........
........
.OO.....
.OO.....
I.......
IS..Z...
ISSZZ.L.
I.SZLLL.

step=56, rand=3, actions=<Right>
Want & Got
-----------
........
........
........
........
........
..OO....
..OO....
I.......
IS..Z...
ISSZZ.L.
I.SZLLL.

step=57, rand=3, actions=<Down>
Want & Got
-----------
........
........
........
........
........
........
..OO....
I.OO....
IS..Z...
ISSZZ.L.
I.SZLLL.

step=58, rand=3, actions=<Down>
Want & Got
-----------
........
........
........
........
........
........
........
I.OO....
ISOOZ...
ISSZZ.L.
I.SZLLL.

step=59, rand=3, actions=<Down>
Want & Got
-----------
...OO...
...OO...
........
........
........
........
........
I.OO....
ISOOZ...
ISSZZ.L.
I.SZLLL.

step=60, rand=3, actions=<Left>
Want & Got
-----------
..OO....
..OO....
........
........
........
........
........
I.OO....
ISOOZ...
ISSZZ.L.
I.SZLLL.

step=61, rand=3, actions=<Down>
Want & Got
-----------
........
..OO....
..OO....
........
........
........
........
I.OO....
ISOOZ...
ISSZZ.L.
I.SZLLL.

step=62, rand=3, actions=<Down>
Want & Got
-----------
........
........
..OO....
..OO....
........
........
........
I.OO....
ISOOZ...
ISSZZ.L.
I.SZLLL.

step=63, rand=3, actions=<Down>
Want & Got
-----------
........
........
........
..OO....
..OO....
........
........
I.OO....
ISOOZ...
ISSZZ.L.
I.SZLLL.

step=64, rand=3, actions=<Down>
Want & Got
-----------
........
........
........
........
..OO....
..OO....
........
I.OO....
ISOOZ...
ISSZZ.L.
I.SZLLL.

step=65, rand=3, actions=<Down>
Want & Got
-----------
........
........
........
........
........
..OO....
..OO....
I.OO....
ISOOZ...
ISSZZ.L.
I.SZLLL.

step=66, rand=2, actions=<Down>
Want & Got
-----------
....L...
..LLL...
........
........
........
..OO....
..OO....
I.OO....
ISOOZ...
ISSZZ.L.
I.SZLLL.

step=67, rand=2, actions=<RotateRight>
Want & Got
-----------
...L....
...L....
...LL...
........
........
..OO....
..OO....
I.OO....
ISOOZ...
ISSZZ.L.
I.SZLLL.

step=68, rand=2, actions=<Right>
Want & Got
-----------
....L...
....L...
....LL..
........
........
..OO....
..OO....
I.OO....
ISOOZ...
ISSZZ.L.
I.SZLLL.

step=69, rand=2, actions=<Right>
Want & Got
-----------
.....L..
.....L..
.....LL.
........
........
..OO....
..OO....
I.OO....
ISOOZ...
ISSZZ.L.
I.SZLLL.

step=70, rand=2, actions=<RotateRight>
Want & Got
-----------
........
....LLL.
....L...
........
........
..OO....
..OO....
I.OO....
ISOOZ...
ISSZZ.L.
I.SZLLL.

step=71, rand=2, actions=<RotateRight>
Want & Got
-----------
....LL..
.....L..
.....L..
........
........
..OO....
..OO....
I.OO....
ISOOZ...
ISSZZ.L.
I.SZLLL.

step=72, rand=2, actions=<Right>
Want & Got
-----------
.....LL.
......L.
......L.
........
........
..OO....
..OO....
I.OO....
ISOOZ...
ISSZZ.L.
I.SZLLL.

step=73, rand=2, actions=<Right>
Want & Got
-----------
......LL
.......L
.......L
........
........
..OO....
..OO....
I.OO....
ISOOZ...
ISSZZ.L.
I.SZLLL.

step=74, rand=2, actions=<Down>
Want & Got
-----------
........
......LL
.......L
.......L
........
..OO....
..OO....
I.OO....
ISOOZ...
ISSZZ.L.
I.SZLLL.

step=75, rand=2, actions=<Down>
Want & Got
-----------
........
........
......LL
.......L
.......L
..OO....
..OO....
I.OO....
ISOOZ...
ISSZZ.L.
I.SZLLL.

step=76, rand=2, actions=<Down>
Want & Got
-----------
........
........
........
......LL
.......L
..OO...L
..OO....
I.OO....
ISOOZ...
ISSZZ.L.
I.SZLLL.

step=77, rand=2, actions=<Down>
Want & Got
-----------
........
........
........
........
......LL
..OO...L
..OO...L
I.OO....
ISOOZ...
ISSZZ.L.
I.SZLLL.

step=78, rand=2, actions=<Down>
Want & Got
-----------
........
........
........
........
........
..OO..LL
..OO...L
I.OO...L
ISOOZ...
ISSZZ.L.
I.SZLLL.

step=79, rand=2, actions=<Down>
Want & Got
-----------
........
........
........
........
........
..OO....
..OO..LL
I.OO...L
ISOOZ..L
ISSZZ.L.
I.SZLLL.

step=80, rand=2, actions=<Down>
Want & Got
-----------
........
........
........
........
........
..OO....
..OO....
I.OO..LL
ISOOZ..L
ISSZZ.LL
I.SZLLL.

step=81, rand=2, actions=<Down>
Want & Got
-----------
........
........
........
........
........
..OO....
..OO....
I.OO....
ISOOZ.LL
ISSZZ.LL
I.SZLLLL

step=82, rand=5, actions=<Down>
Want & Got
-----------
...T....
..TTT...
........
........
........
..OO....
..OO....
I.OO....
ISOOZ.LL
ISSZZ.LL
I.SZLLLL

step=83, rand=5, actions=<Right>
Want & Got
-----------
....T...
...TTT..
........
........
........
..OO....
..OO....
I.OO....
ISOOZ.LL
ISSZZ.LL
I.SZLLLL

step=84, rand=5, actions=<Right>
Want & Got
-----------
.....T..
....TTT.
........
........
........
..OO....
..OO....
I.OO....
ISOOZ.LL
ISSZZ.LL
I.SZLLLL

step=85, rand=5, actions=<RotateRight>
Want & Got
-----------
.....T..
.....TT.
.....T..
........
........
..OO....
..OO....
I.OO....
ISOOZ.LL
ISSZZ.LL
I.SZLLLL

step=86, rand=5, actions=<RotateRight>
Want & Got
-----------
........
....TTT.
.....T..
........
........
..OO....
..OO....
I.OO....
ISOOZ.LL
ISSZZ.LL
I.SZLLLL

step=87, rand=5, actions=<Down>
Want & Got
-----------
........
........
....TTT.
.....T..
........
..OO....
..OO....
I.OO....
ISOOZ.LL
ISSZZ.LL
I.SZLLLL

step=88, rand=5, actions=<Down>
Want & Got
-----------
........
........
........
....TTT.
.....T..
..OO....
..OO....
I.OO....
ISOOZ.LL
ISSZZ.LL
I.SZLLLL

step=89, rand=5, actions=<Down>
Want & Got
-----------
........
........
........
........
....TTT.
..OO.T..
..OO....
I.OO....
ISOOZ.LL
ISSZZ.LL
I.SZLLLL

step=90, rand=5, actions=<Down>
Want & Got
-----------
........
........
........
........
........
..OOTTT.
..OO.T..
I.OO....
ISOOZ.LL
ISSZZ.LL
I.SZLLLL

step=91, rand=5, actions=<Down>
Want & Got
-----------
........
........
........
........
........
..OO....
..OOTTT.
I.OO.T..
ISOOZ.LL
ISSZZ.LL
I.SZLLLL

step=92, rand=5, actions=<Down>
Want & Got
-----------
........
........
........
........
........
..OO....
..OO....
I.OOTTT.
ISOOZTLL
ISSZZ.LL
I.SZLLLL

step=93, rand=4, actions=<Down>
Want & Got
-----------
...SS...
..SS....
........
........
........
........
..OO....
..OO....
I.OOTTT.
ISSZZ.LL
I.SZLLLL

step=94, rand=4, actions=<Right>
Want & Got
-----------
....SS..
...SS...
........
........
........
........
..OO....
..OO....
I.OOTTT.
ISSZZ.LL
I.SZLLLL

step=95, rand=4, actions=<RotateRight>
Want & Got
-----------
....S...
....SS..
.....S..
........
........
........
..OO....
..OO....
I.OOTTT.
ISSZZ.LL
I.SZLLLL

step=96, rand=4, actions=<Right>
Want & Got
-----------
.....S..
.....SS.
......S.
........
........
........
..OO....
..OO....
I.OOTTT.
ISSZZ.LL
I.SZLLLL

step=97, rand=4, actions=<Right>
Want & Got
-----------
......S.
......SS
.......S
........
........
........
..OO....
..OO....
I.OOTTT.
ISSZZ.LL
I.SZLLLL

step=98, rand=4, actions=<Down>
Want & Got
-----------
........
......S.
......SS
.......S
........
........
..OO....
..OO....
I.OOTTT.
ISSZZ.LL
I.SZLLLL

step=99, rand=4, actions=<Down>
Want & Got
-----------
........
........
......S.
......SS
.......S
........
..OO....
..OO....
I.OOTTT.
ISSZZ.LL
I.SZLLLL

step=100, rand=4, actions=<Down>
Want & Got
-----------
........
........
........
......S.
......SS
.......S
..OO....
..OO....
I.OOTTT.
ISSZZ.LL
I.SZLLLL

step=101, rand=4, actions=<Down>
Want & Got
-----------
........
........
........
........
......S.
......SS
..OO...S
..OO....
I.OOTTT.
ISSZZ.LL
I.SZLLLL

step=102, rand=4, actions=<Down>
Want & Got
-----------
........
........
........
........
........
......S.
..OO..SS
..OO...S
I.OOTTT.
ISSZZ.LL
I.SZLLLL

step=103, rand=4, actions=<Down>
Want & Got
-----------
........
........
........
........
........
........
..OO..S.
..OO..SS
I.OOTTTS
ISSZZ.LL
I.SZLLLL

step=104, rand=5, actions=<Down>
Want & Got
-----------
...T....
..TTT...
........
........
........
........
..OO..S.
..OO..SS
I.OOTTTS
ISSZZ.LL
I.SZLLLL

step=105, rand=5, actions=<Left>
Want & Got
-----------
..T.....
.TTT....
........
........
........
........
..OO..S.
..OO..SS
I.OOTTTS
ISSZZ.LL
I.SZLLLL

step=106, rand=5, actions=<RotateRight>
Want & Got
-----------
..T.....
..TT....
..T.....
........
........
........
..OO..S.
..OO..SS
I.OOTTTS
ISSZZ.LL
I.SZLLLL

step=107, rand=5, actions=<Left>
Want & Got
-----------
.T......
.TT.....
.T......
........
........
........
..OO..S.
..OO..SS
I.OOTTTS
ISSZZ.LL
I.SZLLLL

step=108, rand=5, actions=<RotateRight>
Want & Got
-----------
........
TTT.....
.T......
........
........
........
..OO..S.
..OO..SS
I.OOTTTS
ISSZZ.LL
I.SZLLLL

step=109, rand=5, actions=<RotateRight>
Want & Got
-----------
.T......
TT......
.T......
........
........
........
..OO..S.
..OO..SS
I.OOTTTS
ISSZZ.LL
I.SZLLLL

step=110, rand=5, actions=<Down>
Want & Got
-----------
........
.T......
TT......
.T......
........
........
..OO..S.
..OO..SS
I.OOTTTS
ISSZZ.LL
I.SZLLLL

step=111, rand=5, actions=<Down>
Want & Got
-----------
........
........
.T......
TT......
.T......
........
..OO..S.
..OO..SS
I.OOTTTS
ISSZZ.LL
I.SZLLLL

step=112, rand=5, actions=<Down>
Want & Got
-----------
........
........
........
.T......
TT......
.T......
..OO..S.
..OO..SS
I.OOTTTS
ISSZZ.LL
I.SZLLLL

step=113, rand=5, actions=<Down>
Want & Got
-----------
........
........
........
........
.T......
TT......
.TOO..S.
..OO..SS
I.OOTTTS
ISSZZ.LL
I.SZLLLL

step=114, rand=5, actions=<Down>
Want & Got
-----------
........
........
........
........
........
.T......
TTOO..S.
.TOO..SS
I.OOTTTS
ISSZZ.LL
I.SZLLLL

step=115, rand=5, actions=<Down>
Want & Got
-----------
........
........
........
........
........
........
.TOO..S.
TTOO..SS
ITOOTTTS
ISSZZ.LL
I.SZLLLL

step=116, rand=4, actions=<Down>
Want & Got
-----------
...SS...
..SS....
........
........
........
........
........
.TOO..S.
TTOO..SS
ISSZZ.LL
I.SZLLLL

step=117, rand=4, actions=<RotateRight>
Want & Got
-----------
...S....
...SS...
....S...
........
........
........
........
.TOO..S.
TTOO..SS
ISSZZ.LL
I.SZLLLL

step=118, rand=4, actions=<Right>
Want & Got
-----------
....S...
....SS..
.....S..
........
........
........
........
.TOO..S.
TTOO..SS
ISSZZ.LL
I.SZLLLL

step=119, rand=4, actions=<Down>
Want & Got
-----------
........
....S...
....SS..
.....S..
........
........
........
.TOO..S.
TTOO..SS
ISSZZ.LL
I.SZLLLL

step=120, rand=4, actions=<Down>
Want & Got
-----------
........
........
....S...
....SS..
.....S..
........
........
.TOO..S.
TTOO..SS
ISSZZ.LL
I.SZLLLL

step=121, rand=4, actions=<Down>
Want & Got
-----------
........
........
........
....S...
....SS..
.....S..
........
.TOO..S.
TTOO..SS
ISSZZ.LL
I.SZLLLL

step=122, rand=4, actions=<Down>
Want & Got
-----------
........
........
........
........
....S...
....SS..
.....S..
.TOO..S.
TTOO..SS
ISSZZ.LL
I.SZLLLL

step=123, rand=4, actions=<Down>
Want & Got
-----------
........
........
........
........
........
....S...
....SS..
.TOO.SS.
TTOO..SS
ISSZZ.LL
I.SZLLLL

step=124, rand=4, actions=<Down>
Want & Got
-----------
........
........
........
........
........
........
....S...
.TOOSSS.
TTOO.SSS
ISSZZ.LL
I.SZLLLL

step=125, rand=4, actions=<Down>
Want & Got
-----------
........
........
........
........
........
........
........
.TOOS.S.
TTOOSSSS
ISSZZSLL
I.SZLLLL

step=126, rand=3, actions=<Down>
Want & Got
-----------
...OO...
...OO...
........
........
........
........
........
........
........
.TOOS.S.
I.SZLLLL

step=127, rand=3, actions=<Left>
Want & Got
-----------
..OO....
..OO....
........
........
........
........
........
........
........
.TOOS.S.
I.SZLLLL

step=128, rand=3, actions=<Left>
Want & Got
-----------
.OO.....
.OO.....
........
........
........
........
........
........
........
.TOOS.S.
I.SZLLLL

step=129, rand=3, actions=<Down>
Want & Got
-----------
........
.OO.....
.OO.....
........
........
........
........
........
........
.TOOS.S.
I.SZLLLL

step=130, rand=3, actions=<Right>
Want & Got
-----------
........
..OO....
..OO....
........
........
........
........
........
........
.TOOS.S.
I.SZLLLL

step=131, rand=3, actions=<Down>
Want & Got
-----------
........
........
..OO....
..OO....
........
........
........
........
........
.TOOS.S.
I.SZLLLL

step=132, rand=3, actions=<Down>
Want & Got
-----------
........
........
........
..OO....
..OO....
........
........
........
........
.TOOS.S.
I.SZLLLL

step=133, rand=3, actions=<Down>
Want & Got
-----------
........
........
........
........
..OO....
..OO....
........
........
........
.TOOS.S.
I.SZLLLL

step=134, rand=3, actions=<Down>
Want & Got
-----------
........
........
........
........
........
..OO....
..OO....
........
........
.TOOS.S.
I.SZLLLL

step=135, rand=3, actions=<Down>
Want & Got
-----------
........
........
........
........
........
........
..OO....
..OO....
........
.TOOS.S.
I.SZLLLL

step=136, rand=3, actions=<Down>
Want & Got
-----------
........
........
........
........
........
........
........
..OO....
..OO....
.TOOS.S.
I.SZLLLL

step=137, rand=2, actions=<Down>
Want & Got
-----------
....L...
..LLL...
........
........
........
........
........
..OO....
..OO....
.TOOS.S.
I.SZLLLL

step=138, rand=2, actions=<RotateRight>
Want & Got
-----------
...L....
...L....
...LL...
........
........
........
........
..OO....
..OO....
.TOOS.S.
I.SZLLLL

step=139, rand=2, actions=<RotateRight>
Want & Got
-----------
........
..LLL...
..L.....
........
........
........
........
..OO....
..OO....
.TOOS.S.
I.SZLLLL

step=140, rand=2, actions=<RotateRight>
Want & Got
-----------
..LL....
...L....
...L....
........
........
........
........
..OO....
..OO....
.TOOS.S.
I.SZLLLL

step=141, rand=2, actions=<Right>
Want & Got
-----------
...LL...
....L...
....L...
........
........
........
........
..OO....
..OO....
.TOOS.S.
I.SZLLLL

step=142, rand=2, actions=<Down>
Want & Got
-----------
........
...LL...
....L...
....L...
........
........
........
..OO....
..OO....
.TOOS.S.
I.SZLLLL

step=143, rand=2, actions=<Down>
Want & Got
-----------
........
........
...LL...
....L...
....L...
........
........
..OO....
..OO....
.TOOS.S.
I.SZLLLL

step=144, rand=2, actions=<Down>
Want & Got
-----------
........
........
........
...LL...
....L...
....L...
........
..OO....
..OO....
.TOOS.S.
I.SZLLLL

step=145, rand=2, actions=<Down>
Want & Got
-----------
........
........
........
........
...LL...
....L...
....L...
..OO....
..OO....
.TOOS.S.
I.SZLLLL

step=146, rand=2, actions=<Down>
Want & Got
-----------
........
........
........
........
........
...LL...
....L...
..OOL...
..OO....
.TOOS.S.
I.SZLLLL

step=147, rand=2, actions=<Down>
Want & Got
-----------
........
........
........
........
........
........
...LL...
..OOL...
..OOL...
.TOOS.S.
I.SZLLLL

step=148, rand=1, actions=<Down>
Want & Got
-----------
..J.....
..JJJ...
........
........
........
........
...LL...
..OOL...
..OOL...
.TOOS.S.
I.SZLLLL

step=149, rand=1, actions=<RotateRight>
Want & Got
-----------
...JJ...
...J....
...J....
........
........
........
...LL...
..OOL...
..OOL...
.TOOS.S.
I.SZLLLL

step=150, rand=1, actions=<Right>
Want & Got
-----------
....JJ..
....J...
....J...
........
........
........
...LL...
..OOL...
..OOL...
.TOOS.S.
I.SZLLLL

step=151, rand=1, actions=<RotateRight>
Want & Got
-----------
........
...JJJ..
.....J..
........
........
........
...LL...
..OOL...
..OOL...
.TOOS.S.
I.SZLLLL

step=152, rand=1, actions=<Right>
Want & Got
-----------
........
....JJJ.
......J.
........
........
........
...LL...
..OOL...
..OOL...
.TOOS.S.
I.SZLLLL

step=153, rand=1, actions=<Right>
Want & Got
-----------
........
.....JJJ
.......J
........
........
........
...LL...
..OOL...
..OOL...
.TOOS.S.
I.SZLLLL

step=154, rand=1, actions=<Right>
Want & Got
-----------
........
.....JJJ
.......J
........
........
........
...LL...
..OOL...
..OOL...
.TOOS.S.
I.SZLLLL

step=155, rand=1, actions=<Down>
Want & Got
-----------
........
........
.....JJJ
.......J
........
........
...LL...
..OOL...
..OOL...
.TOOS.S.
I.SZLLLL

step=156, rand=1, actions=<Down>
Want & Got
-----------
........
........
........
.....JJJ
.......J
........
...LL...
..OOL...
..OOL...
.TOOS.S.
I.SZLLLL

step=157, rand=1, actions=<Down>
Want & Got
-----------
........
........
........
........
.....JJJ
.......J
...LL...
..OOL...
..OOL...
.TOOS.S.
I.SZLLLL

step=158, rand=1, actions=<Down>
Want & Got
-----------
........
........
........
........
........
.....JJJ
...LL..J
..OOL...
..OOL...
.TOOS.S.
I.SZLLLL

step=159, rand=1, actions=<Down>
Want & Got
-----------
........
........
........
........
........
........
...LLJJJ
..OOL..J
..OOL...
.TOOS.S.
I.SZLLLL

step=160, rand=1, actions=<Down>
Want & Got
-----------
........
........
........
........
........
........
...LL...
..OOLJJJ
..OOL..J
.TOOS.S.
I.SZLLLL

step=161, rand=1, actions=<Down>
Want & Got
-----------
........
........
........
........
........
........
...LL...
..OOL...
..OOLJJJ
.TOOS.SJ
I.SZLLLL

step=162, rand=5, actions=<Down>
Want & Got
-----------
...T....
..TTT...
........
........
........
........
...LL...
..OOL...
..OOLJJJ
.TOOS.SJ
I.SZLLLL

step=163, rand=5, actions=<Left>
Want & Got
-----------
..T.....
.TTT....
........
........
........
........
...LL...
..OOL...
..OOLJJJ
.TOOS.SJ
I.SZLLLL

step=164, rand=5, actions=<RotateRight>
Want & Got
-----------
..T.....
..TT....
..T.....
........
........
........
...LL...
..OOL...
..OOLJJJ
.TOOS.SJ
I.SZLLLL

step=165, rand=5, actions=<Left>
Want & Got
-----------
.T......
.TT.....
.T......
........
........
........
...LL...
..OOL...
..OOLJJJ
.TOOS.SJ
I.SZLLLL

step=166, rand=5, actions=<Left>
Want & Got
-----------
T.......
TT......
T.......
........
........
........
...LL...
..OOL...
..OOLJJJ
.TOOS.SJ
I.SZLLLL

step=167, rand=5, actions=<Down>
Want & Got
-----------
........
T.......
TT......
T.......
........
........
...LL...
..OOL...
..OOLJJJ
.TOOS.SJ
I.SZLLLL

step=168, rand=5, actions=<Down>
Want & Got
-----------
........
........
T.......
TT......
T.......
........
...LL...
..OOL...
..OOLJJJ
.TOOS.SJ
I.SZLLLL

step=169, rand=5, actions=<Down>
Want & Got
-----------
........
........
........
T.......
TT......
T.......
...LL...
..OOL...
..OOLJJJ
.TOOS.SJ
I.SZLLLL

step=170, rand=5, actions=<Down>
Want & Got
-----------
........
........
........
........
T.......
TT......
T..LL...
..OOL...
..OOLJJJ
.TOOS.SJ
I.SZLLLL

step=171, rand=5, actions=<Down>
Want & Got
-----------
........
........
........
........
........
T.......
TT.LL...
T.OOL...
..OOLJJJ
.TOOS.SJ
I.SZLLLL

step=172, rand=5, actions=<Down>
Want & Got
-----------
........
........
........
........
........
........
T..LL...
TTOOL...
T.OOLJJJ
.TOOS.SJ
I.SZLLLL

step=173, rand=5, actions=<Down>
Want & Got
-----------
........
........
........
........
........
........
...LL...
T.OOL...
TTOOLJJJ
TTOOS.SJ
I.SZLLLL

step=174, rand=1, actions=<Down>
Want & Got
-----------
..J.....
..JJJ...
........
........
........
........
........
...LL...
T.OOL...
TTOOS.SJ
I.SZLLLL

step=175, rand=1, actions=<RotateRight>
Want & Got
-----------
...JJ...
...J....
...J....
........
........
........
........
...LL...
T.OOL...
TTOOS.SJ
I.SZLLLL

step=176, rand=1, actions=<RotateRight>
Want & Got
-----------
........
..JJJ...
....J...
........
........
........
........
...LL...
T.OOL...
TTOOS.SJ
I.SZLLLL

step=177, rand=1, actions=<RotateRight>
Want & Got
-----------
...J....
...J....
..JJ....
........
........
........
........
...LL...
T.OOL...
TTOOS.SJ
I.SZLLLL

step=178, rand=1, actions=<Right>
Want & Got
-----------
....J...
....J...
...JJ...
........
........
........
........
...LL...
T.OOL...
TTOOS.SJ
I.SZLLLL

step=179, rand=1, actions=<Right>
Want & Got
-----------
.....J..
.....J..
....JJ..
........
........
........
........
...LL...
T.OOL...
TTOOS.SJ
I.SZLLLL

step=180, rand=1, actions=<Right>
Want & Got
-----------
......J.
......J.
.....JJ.
........
........
........
........
...LL...
T.OOL...
TTOOS.SJ
I.SZLLLL

step=181, rand=1, actions=<Right>
Want & Got
-----------
.......J
.......J
......JJ
........
........
........
........
...LL...
T.OOL...
TTOOS.SJ
I.SZLLLL

step=182, rand=1, actions=<Down>
Want & Got
-----------
........
.......J
.......J
......JJ
........
........
........
...LL...
T.OOL...
TTOOS.SJ
I.SZLLLL

step=183, rand=1, actions=<Down>
Want & Got
-----------
........
........
.......J
.......J
......JJ
........
........
...LL...
T.OOL...
TTOOS.SJ
I.SZLLLL

step=184, rand=1, actions=<Down>
Want & Got
-----------
........
........
........
.......J
.......J
......JJ
........
...LL...
T.OOL...
TTOOS.SJ
I.SZLLLL

step=185, rand=1, actions=<Down>
Want & Got
-----------
........
........
........
........
.......J
.......J
......JJ
...LL...
T.OOL...
TTOOS.SJ
I.SZLLLL

step=186, rand=1, actions=<Down>
Want & Got
-----------
........
........
........
........
........
.......J
.......J
...LL.JJ
T.OOL...
TTOOS.SJ
I.SZLLLL

step=187, rand=1, actions=<Down>
Want & Got
-----------
........
........
........
........
........
........
.......J
...LL..J
T.OOL.JJ
TTOOS.SJ
I.SZLLLL

step=188, rand=4, actions=<Down>
Want & Got
-----------
...SS...
..SS....
........
........
........
........
.......J
...LL..J
T.OOL.JJ
TTOOS.SJ
I.SZLLLL

step=189, rand=4, actions=<RotateRight>
Want & Got
-----------
...S....
...SS...
....S...
........
........
........
.......J
...LL..J
T.OOL.JJ
TTOOS.SJ
I.SZLLLL

step=190, rand=4, actions=<Left>
Want & Got
-----------
..S.....
..SS....
...S....
........
........
........
.......J
...LL..J
T.OOL.JJ
TTOOS.SJ
I.SZLLLL

step=191, rand=4, actions=<Left>
Want & Got
-----------
.S......
.SS.....
..S.....
........
........
........
.......J
...LL..J
T.OOL.JJ
TTOOS.SJ
I.SZLLLL

step=192, rand=4, actions=<Left>
Want & Got
-----------
S.......
SS......
.S......
........
........
........
.......J
...LL..J
T.OOL.JJ
TTOOS.SJ
I.SZLLLL

step=193, rand=4, actions=<Down>
Want & Got
-----------
........
S.......
SS......
.S......
........
........
.......J
...LL..J
T.OOL.JJ
TTOOS.SJ
I.SZLLLL

step=194, rand=4, actions=<Down>
Want & Got
-----------
........
........
S.......
SS......
.S......
........
.......J
...LL..J
T.OOL.JJ
TTOOS.SJ
I.SZLLLL

step=195, rand=4, actions=<Down>
Want & Got
-----------
........
........
........
S.......
SS......
.S......
.......J
...LL..J
T.OOL.JJ
TTOOS.SJ
I.SZLLLL

step=196, rand=4, actions=<Down>
Want & Got
-----------
........
........
........
........
S.......
SS......
.S.....J
...LL..J
T.OOL.JJ
TTOOS.SJ
I.SZLLLL

step=197, rand=4, actions=<Down>
Want & Got
-----------
........
........
........
........
........
S.......
SS.....J
.S.LL..J
T.OOL.JJ
TTOOS.SJ
I.SZLLLL

step=198, rand=4, actions=<Down>
Want & Got
-----------
........
........
........
........
........
........
S......J
SS.LL..J
TSOOL.JJ
TTOOS.SJ
I.SZLLLL

step=199, rand=6, actions=<Down>
Want & Got
-----------
..ZZ....
...ZZ...
........
........
........
........
S......J
SS.LL..J
TSOOL.JJ
TTOOS.SJ
I.SZLLLL

step=200, rand=6, actions=<RotateRight>
Want & Got
-----------
....Z...
...ZZ...
...Z....
........
........
........
S......J
SS.LL..J
TSOOL.JJ
TTOOS.SJ
I.SZLLLL

step=201, rand=6, actions=<Left>
Want & Got
-----------
...Z....
..ZZ....
..Z.....
........
........
........
S......J
SS.LL..J
TSOOL.JJ
TTOOS.SJ
I.SZLLLL

step=202, rand=6, actions=<Down>
Want & Got
-----------
........
...Z....
..ZZ....
..Z.....
........
........
S......J
SS.LL..J
TSOOL.JJ
TTOOS.SJ
I.SZLLLL

step=203, rand=6, actions=<Down>
Want & Got
-----------
........
........
...Z....
..ZZ....
..Z.....
........
S......J
SS.LL..J
TSOOL.JJ
TTOOS.SJ
I.SZLLLL

step=204, rand=6, actions=<Down>
Want & Got
-----------
........
........
........
...Z....
..ZZ....
..Z.....
S......J
SS.LL..J
TSOOL.JJ
TTOOS.SJ
I.SZLLLL

step=205, rand=6, actions=<Down>
Want & Got
-----------
........
........
........
........
...Z....
..ZZ....
S.Z....J
SS.LL..J
TSOOL.JJ
TTOOS.SJ
I.SZLLLL

step=206, rand=6, actions=<Down>
Want & Got
-----------
........
........
........
........
........
...Z....
S.ZZ...J
SSZLL..J
TSOOL.JJ
TTOOS.SJ
I.SZLLLL

step=207, rand=6, actions=<Down>
Want & Got
-----------
..ZZ....
...ZZ...
........
........
........
...Z....
S.ZZ...J
SSZLL..J
TSOOL.JJ
TTOOS.SJ
I.SZLLLL

step=208, rand=6, actions=<RotateRight>
Want & Got
-----------
....Z...
...ZZ...
...Z....
........
........
...Z....
S.ZZ...J
SSZLL..J
TSOOL.JJ
TTOOS.SJ
I.SZLLLL

step=209, rand=6, actions=<Left>
Want & Got
-----------
...Z....
..ZZ....
..Z.....
........
........
...Z....
S.ZZ...J
SSZLL..J
TSOOL.JJ
TTOOS.SJ
I.SZLLLL

step=210, rand=6, actions=<Left>
Want & Got
-----------
..Z.....
.ZZ.....
.Z......
........
........
...Z....
S.ZZ...J
SSZLL..J
TSOOL.JJ
TTOOS.SJ
I.SZLLLL

step=211, rand=6, actions=<Down>
Want & Got
-----------
........
..Z.....
.ZZ.....
.Z......
........
...Z....
S.ZZ...J
SSZLL..J
TSOOL.JJ
TTOOS.SJ
I.SZLLLL

step=212, rand=6, actions=<Down>
Want & Got
-----------
........
........
..Z.....
.ZZ.....
.Z......
...Z....
S.ZZ...J
SSZLL..J
TSOOL.JJ
TTOOS.SJ
I.SZLLLL

step=213, rand=6, actions=<Down>
Want & Got
-----------
........
........
........
..Z.....
.ZZ.....
.Z.Z....
S.ZZ...J
SSZLL..J
TSOOL.JJ
TTOOS.SJ
I.SZLLLL

step=214, rand=6, actions=<Down>
Want & Got
-----------
........
........
........
........
..Z.....
.ZZZ....
SZZZ...J
SSZLL..J
TSOOL.JJ
TTOOS.SJ
I.SZLLLL

step=215, rand=5, actions=<Down>
Want & Got
-----------
...T....
..TTT...
........
........
..Z.....
.ZZZ....
SZZZ...J
SSZLL..J
TSOOL.JJ
TTOOS.SJ
I.SZLLLL

step=216, rand=5, actions=<Right>
Want & Got
-----------
....T...
...TTT..
........
........
..Z.....
.ZZZ....
SZZZ...J
SSZLL..J
TSOOL.JJ
TTOOS.SJ
I.SZLLLL

step=217, rand=5, actions=<Left>
Want & Got
-----------
...T....
..TTT...
........
........
..Z.....
.ZZZ....
SZZZ...J
SSZLL..J
TSOOL.JJ
TTOOS.SJ
I.SZLLLL

step=218, rand=5, actions=<RotateRight>
Want & Got
-----------
...T....
...TT...
...T....
........
..Z.....
.ZZZ....
SZZZ...J
SSZLL..J
TSOOL.JJ
TTOOS.SJ
I.SZLLLL

step=219, rand=5, actions=<Left>
Want & Got
-----------
..T.....
..TT....
..T.....
........
..Z.....
.ZZZ....
SZZZ...J
SSZLL..J
TSOOL.JJ
TTOOS.SJ
I.SZLLLL

step=220, rand=5, actions=<Left>
Want & Got
-----------
.T......
.TT.....
.T......
........
..Z.....
.ZZZ....
SZZZ...J
SSZLL..J
TSOOL.JJ
TTOOS.SJ
I.SZLLLL

step=221, rand=5, actions=<Left>
Want & Got
-----------
T.......
TT......
T.......
........
..Z.....
.ZZZ....
SZZZ...J
SSZLL..J
TSOOL.JJ
TTOOS.SJ
I.SZLLLL

step=222, rand=5, actions=<Down>
Want & Got
-----------
........
T.......
TT......
T.......
..Z.....
.ZZZ....
SZZZ...J
SSZLL..J
TSOOL.JJ
TTOOS.SJ
I.SZLLLL

step=223, rand=5, actions=<Down>
Want & Got
-----------
........
........
T.......
TT......
T.Z.....
.ZZZ....
SZZZ...J
SSZLL..J
TSOOL.JJ
TTOOS.SJ
I.SZLLLL

step=224, rand=5, actions=<Down>
Want & Got
-----------
........
........
........
T.......
TTZ.....
TZZZ....
SZZZ...J
SSZLL..J
TSOOL.JJ
TTOOS.SJ
I.SZLLLL

step=225, rand=3, actions=<Down>
Want & Got
-----------
...OO...
...OO...
........
T.......
TTZ.....
TZZZ....
SZZZ...J
SSZLL..J
TSOOL.JJ
TTOOS.SJ
I.SZLLLL

step=226, rand=3, actions=<Right>
Want & Got
-----------
....OO..
....OO..
........
T.......
TTZ.....
TZZZ....
SZZZ...J
SSZLL..J
TSOOL.JJ
TTOOS.SJ
I.SZLLLL

step=227, rand=3, actions=<Right>
Want & Got
-----------
.....OO.
.....OO.
........
T.......
TTZ.....
TZZZ....
SZZZ...J
SSZLL..J
TSOOL.JJ
TTOOS.SJ
I.SZLLLL

step=228, rand=3, actions=<Left>
Want & Got
-----------
....OO..
....OO..
........
T.......
TTZ.....
TZZZ....
SZZZ...J
SSZLL..J
TSOOL.JJ
TTOOS.SJ
I.SZLLLL

step=229, rand=3, actions=<Right>
Want & Got
-----------
.....OO.
.....OO.
........
T.......
TTZ.....
TZZZ....
SZZZ...J
SSZLL..J
TSOOL.JJ
TTOOS.SJ
I.SZLLLL

step=230, rand=3, actions=<Down>
Want & Got
-----------
........
.....OO.
.....OO.
T.......
TTZ.....
TZZZ....
SZZZ...J
SSZLL..J
TSOOL.JJ
TTOOS.SJ
I.SZLLLL

step=231, rand=3, actions=<Down>
Want & Got
-----------
........
........
.....OO.
T....OO.
TTZ.....
TZZZ....
SZZZ...J
SSZLL..J
TSOOL.JJ
TTOOS.SJ
I.SZLLLL

step=232, rand=3, actions=<Down>
Want & Got
-----------
........
........
........
T....OO.
TTZ..OO.
TZZZ....
SZZZ...J
SSZLL..J
TSOOL.JJ
TTOOS.SJ
I.SZLLLL

step=233, rand=3, actions=<Down>
Want & Got
-----------
........
........
........
T.......
TTZ..OO.
TZZZ.OO.
SZZZ...J
SSZLL..J
TSOOL.JJ
TTOOS.SJ
I.SZLLLL

step=234, rand=3, actions=<Down>
Want & Got
-----------
........
........
........
T.......
TTZ.....
TZZZ.OO.
SZZZ.OOJ
SSZLL..J
TSOOL.JJ
TTOOS.SJ
I.SZLLLL

step=235, rand=3, actions=<Down>
Want & Got
-----------
........
........
........
T.......
TTZ.....
TZZZ....
SZZZ.OOJ
SSZLLOOJ
TSOOL.JJ
TTOOS.SJ
I.SZLLLL

step=236, rand=3, actions=<Right>
Want & Got
-----------
........
........
........
T.......
TTZ.....
TZZZ....
SZZZ.OOJ
SSZLLOOJ
TSOOL.JJ
TTOOS.SJ
I.SZLLLL

step=237, rand=6, actions=<Down>
Want & Got
-----------
..ZZ....
...ZZ...
........
........
T.......
TTZ.....
TZZZ....
SZZZ.OOJ
TSOOL.JJ
TTOOS.SJ
I.SZLLLL

step=238, rand=6, actions=<RotateRight>
Want & Got
-----------
....Z...
...ZZ...
...Z....
........
T.......
TTZ.....
TZZZ....
SZZZ.OOJ
TSOOL.JJ
TTOOS.SJ
I.SZLLLL

step=239, rand=6, actions=<Right>
Want & Got
-----------
.....Z..
....ZZ..
....Z...
........
T.......
TTZ.....
TZZZ....
SZZZ.OOJ
TSOOL.JJ
TTOOS.SJ
I.SZLLLL

step=240, rand=6, actions=<Right>
Want & Got
-----------
......Z.
.....ZZ.
.....Z..
........
T.......
TTZ.....
TZZZ....
SZZZ.OOJ
TSOOL.JJ
TTOOS.SJ
I.SZLLLL

step=241, rand=6, actions=<Left>
Want & Got
-----------
.....Z..
....ZZ..
....Z...
........
T.......
TTZ.....
TZZZ....
SZZZ.OOJ
TSOOL.JJ
TTOOS.SJ
I.SZLLLL

step=242, rand=6, actions=<Down>
Want & Got
-----------
........
.....Z..
....ZZ..
....Z...
T.......
TTZ.....
TZZZ....
SZZZ.OOJ
TSOOL.JJ
TTOOS.SJ
I.SZLLLL

step=243, rand=6, actions=<Down>
Want & Got
-----------
........
........
.....Z..
....ZZ..
T...Z...
TTZ.....
TZZZ....
SZZZ.OOJ
TSOOL.JJ
TTOOS.SJ
I.SZLLLL

step=244, rand=6, actions=<Down>
Want & Got
-----------
........
........
........
.....Z..
T...ZZ..
TTZ.Z...
TZZZ....
SZZZ.OOJ
TSOOL.JJ
TTOOS.SJ
I.SZLLLL

step=245, rand=6, actions=<Down>
Want & Got
-----------
........
........
........
........
T....Z..
TTZ.ZZ..
TZZZZ...
SZZZ.OOJ
TSOOL.JJ
TTOOS.SJ
I.SZLLLL

step=246, rand=6, actions=<Down>
Want & Got
-----------
........
........
........
........
T.......
TTZ..Z..
TZZZZZ..
SZZZZOOJ
TSOOL.JJ
TTOOS.SJ
I.SZLLLL

step=247, rand=5, actions=<Down>
Want & Got
-----------
...T....
..TTT...
........
........
........
T.......
TTZ..Z..
TZZZZZ..
TSOOL.JJ
TTOOS.SJ
I.SZLLLL

step=248, rand=5, actions=<RotateRight>
Want & Got
-----------
...T....
...TT...
...T....
........
........
T.......
TTZ..Z..
TZZZZZ..
TSOOL.JJ
TTOOS.SJ
I.SZLLLL

step=249, rand=5, actions=<RotateRight>
Want & Got
-----------
........
..TTT...
...T....
........
........
T.......
TTZ..Z..
TZZZZZ..
TSOOL.JJ
TTOOS.SJ
I.SZLLLL

step=250, rand=5, actions=<RotateRight>
Want & Got
-----------
...T....
..TT....
...T....
........
........
T.......
TTZ..Z..
TZZZZZ..
TSOOL.JJ
TTOOS.SJ
I.SZLLLL

step=251, rand=5, actions=<RotateRight>
Want & Got
-----------
...T....
..TTT...
........
........
........
T.......
TTZ..Z..
TZZZZZ..
TSOOL.JJ
TTOOS.SJ
I.SZLLLL

step=252, rand=5, actions=<RotateRight>
Want & Got
-----------
...T....
...TT...
...T....
........
........
T.......
TTZ..Z..
TZZZZZ..
TSOOL.JJ
TTOOS.SJ
I.SZLLLL

step=253, rand=5, actions=<Right>
Want & Got
-----------
....T...
....TT..
....T...
........
........
T.......
TTZ..Z..
TZZZZZ..
TSOOL.JJ
TTOOS.SJ
I.SZLLLL

step=254, rand=5, actions=<Down>
Want & Got
-----------
........
....T...
....TT..
....T...
........
T.......
TTZ..Z..
TZZZZZ..
TSOOL.JJ
TTOOS.SJ
I.SZLLLL

step=255, rand=5, actions=<Down>
Want & Got
-----------
........
........
....T...
....TT..
....T...
T.......
TTZ..Z..
TZZZZZ..
TSOOL.JJ
TTOOS.SJ
I.SZLLLL

step=256, rand=5, actions=<Down>
Want & Got
-----------
........
........
........
....T...
....TT..
T...T...
TTZ..Z..
TZZZZZ..
TSOOL.JJ
TTOOS.SJ
I.SZLLLL

step=257, rand=5, actions=<Down>
Want & Got
-----------
........
........
........
........
....T...
T...TT..
TTZ.TZ..
TZZZZZ..
TSOOL.JJ
TTOOS.SJ
I.SZLLLL

step=258, rand=5, actions=<Down>
Want & Got
-----------
...T....
..TTT...
........
........
....T...
T...TT..
TTZ.TZ..
TZZZZZ..
TSOOL.JJ
TTOOS.SJ
I.SZLLLL

step=259, rand=5, actions=<RotateRight>
Want & Got
-----------
...T....
...TT...
...T....
........
....T...
T...TT..
TTZ.TZ..
TZZZZZ..
TSOOL.JJ
TTOOS.SJ
I.SZLLLL

step=260, rand=5, actions=<RotateRight>
Want & Got
-----------
........
..TTT...
...T....
........
....T...
T...TT..
TTZ.TZ..
TZZZZZ..
TSOOL.JJ
TTOOS.SJ
I.SZLLLL

step=261, rand=5, actions=<RotateRight>
Want & Got
-----------
...T....
..TT....
...T....
........
....T...
T...TT..
TTZ.TZ..
TZZZZZ..
TSOOL.JJ
TTOOS.SJ
I.SZLLLL

step=262, rand=5, actions=<Down>
Want & Got
-----------
........
...T....
..TT....
...T....
....T...
T...TT..
TTZ.TZ..
TZZZZZ..
TSOOL.JJ
TTOOS.SJ
I.SZLLLL

step=263, rand=5, actions=<Down>
Want & Got
-----------
........
........
...T....
..TT....
...TT...
T...TT..
TTZ.TZ..
TZZZZZ..
TSOOL.JJ
TTOOS.SJ
I.SZLLLL

step=264, rand=5, actions=<Down>
Want & Got
-----------
........
........
........
...T....
..TTT...
T..TTT..
TTZ.TZ..
TZZZZZ..
TSOOL.JJ
TTOOS.SJ
I.SZLLLL

step=265, rand=5, actions=<Down>
Want & Got
-----------
........
........
........
........
...TT...
T.TTTT..
TTZTTZ..
TZZZZZ..
TSOOL.JJ
TTOOS.SJ
I.SZLLLL

step=266, rand=6, actions=<Down>
Want & Got
-----------
..ZZ....
...ZZ...
........
........
...TT...
T.TTTT..
TTZTTZ..
TZZZZZ..
TSOOL.JJ
TTOOS.SJ
I.SZLLLL

step=267, rand=6, actions=<RotateRight>
Want & Got
-----------
....Z...
...ZZ...
...Z....
........
...TT...
T.TTTT..
TTZTTZ..
TZZZZZ..
TSOOL.JJ
TTOOS.SJ
I.SZLLLL

step=268, rand=6, actions=<Left>
Want & Got
-----------
...Z....
..ZZ....
..Z.....
........
...TT...
T.TTTT..
TTZTTZ..
TZZZZZ..
TSOOL.JJ
TTOOS.SJ
I.SZLLLL

step=269, rand=6, actions=<Left>
Want & Got
-----------
..Z.....
.ZZ.....
.Z......
........
...TT...
T.TTTT..
TTZTTZ..
TZZZZZ..
TSOOL.JJ
TTOOS.SJ
I.SZLLLL

step=270, rand=6, actions=<Down>
Want & Got
-----------
........
..Z.....
.ZZ.....
.Z......
...TT...
T.TTTT..
TTZTTZ..
TZZZZZ..
TSOOL.JJ
TTOOS.SJ
I.SZLLLL

step=271, rand=6, actions=<Down>
Want & Got
-----------
........
........
..Z.....
.ZZ.....
.Z.TT...
T.TTTT..
TTZTTZ..
TZZZZZ..
TSOOL.JJ
TTOOS.SJ
I.SZLLLL

step=272, rand=6, actions=<Down>
Want & Got
-----------
........
........
........
..Z.....
.ZZTT...
TZTTTT..
TTZTTZ..
TZZZZZ..
TSOOL.JJ
TTOOS.SJ
I.SZLLLL

step=273, rand=0, actions=<Down>
Want & Got
-----------
........
..IIII..
........
..Z.....
.ZZTT...
TZTTTT..
TTZTTZ..
TZZZZZ..
TSOOL.JJ
TTOOS.SJ
I.SZLLLL

step=274, rand=0, actions=<RotateRight>
Want & Got
-----------
....I...
....I...
....I...
..Z.I...
.ZZTT...
TZTTTT..
TTZTTZ..
TZZZZZ..
TSOOL.JJ
TTOOS.SJ
I.SZLLLL

step=275, rand=0, actions=<Right>
Want & Got
-----------
.....I..
.....I..
.....I..
..Z..I..
.ZZTT...
TZTTTT..
TTZTTZ..
TZZZZZ..
TSOOL.JJ
TTOOS.SJ
I.SZLLLL

step=276, rand=0, actions=<Right>
Want & Got
-----------
......I.
......I.
......I.
..Z...I.
.ZZTT...
TZTTTT..
TTZTTZ..
TZZZZZ..
TSOOL.JJ
TTOOS.SJ
I.SZLLLL

step=277, rand=0, actions=<Right>
Want & Got
-----------
.......I
.......I
.......I
..Z....I
.ZZTT...
TZTTTT..
TTZTTZ..
TZZZZZ..
TSOOL.JJ
TTOOS.SJ
I.SZLLLL

step=278, rand=0, actions=<Left>
Want & Got
-----------
......I.
......I.
......I.
..Z...I.
.ZZTT...
TZTTTT..
TTZTTZ..
TZZZZZ..
TSOOL.JJ
TTOOS.SJ
I.SZLLLL

step=279, rand=0, actions=<Down>
Want & Got
-----------
........
......I.
......I.
..Z...I.
.ZZTT.I.
TZTTTT..
TTZTTZ..
TZZZZZ..
TSOOL.JJ
TTOOS.SJ
I.SZLLLL

step=280, rand=0, actions=<Down>
Want & Got
-----------
........
........
......I.
..Z...I.
.ZZTT.I.
TZTTTTI.
TTZTTZ..
TZZZZZ..
TSOOL.JJ
TTOOS.SJ
I.SZLLLL

step=281, rand=0, actions=<Down>
Want & Got
-----------
........
........
........
..Z...I.
.ZZTT.I.
TZTTTTI.
TTZTTZI.
TZZZZZ..
TSOOL.JJ
TTOOS.SJ
I.SZLLLL

step=282, rand=0, actions=<Down>
Want & Got
-----------
........
........
........
..Z.....
.ZZTT.I.
TZTTTTI.
TTZTTZI.
TZZZZZI.
TSOOL.JJ
TTOOS.SJ
I.SZLLLL

step=283, rand=6, actions=<Down>
Want & Got
-----------
..ZZ....
...ZZ...
........
..Z.....
.ZZTT.I.
TZTTTTI.
TTZTTZI.
TZZZZZI.
TSOOL.JJ
TTOOS.SJ
I.SZLLLL

step=284, rand=6, actions=<Right>
Want & Got
-----------
...ZZ...
....ZZ..
........
..Z.....
.ZZTT.I.
TZTTTTI.
TTZTTZI.
TZZZZZI.
TSOOL.JJ
TTOOS.SJ
I.SZLLLL

step=285, rand=6, actions=<Right>
Want & Got
-----------
....ZZ..
.....ZZ.
........
..Z.....
.ZZTT.I.
TZTTTTI.
TTZTTZI.
TZZZZZI.
TSOOL.JJ
TTOOS.SJ
I.SZLLLL

step=286, rand=6, actions=<Left>
Want & Got
-----------
...ZZ...
....ZZ..
........
..Z.....
.ZZTT.I.
TZTTTTI.
TTZTTZI.
TZZZZZI.
TSOOL.JJ
TTOOS.SJ
I.SZLLLL

step=287, rand=6, actions=<Left>
Want & Got
-----------
..ZZ....
...ZZ...
........
..Z.....
.ZZTT.I.
TZTTTTI.
TTZTTZI.
TZZZZZI.
TSOOL.JJ
TTOOS.SJ
I.SZLLLL

step=288, rand=6, actions=<Left>
Want & Got
-----------
.ZZ.....
..ZZ....
........
..Z.....
.ZZTT.I.
TZTTTTI.
TTZTTZI.
TZZZZZI.
TSOOL.JJ
TTOOS.SJ
I.SZLLLL

step=289, rand=6, actions=<Left>
Want & Got
-----------
ZZ......
.ZZ.....
........
..Z.....
.ZZTT.I.
TZTTTTI.
TTZTTZI.
TZZZZZI.
TSOOL.JJ
TTOOS.SJ
I.SZLLLL

step=290, rand=6, actions=<RotateRight>
Want & Got
-----------
..Z.....
.ZZ.....
.Z......
..Z.....
.ZZTT.I.
TZTTTTI.
TTZTTZI.
TZZZZZI.
TSOOL.JJ
TTOOS.SJ
I.SZLLLL

step=291, rand=6, actions=<Left>
Want & Got
-----------
.Z......
ZZ......
Z.......
..Z.....
.ZZTT.I.
TZTTTTI.
TTZTTZI.
TZZZZZI.
TSOOL.JJ
TTOOS.SJ
I.SZLLLL

step=292, rand=6, actions=<Left>
Want & Got
-----------
.Z......
ZZ......
Z.......
..Z.....
.ZZTT.I.
TZTTTTI.
TTZTTZI.
TZZZZZI.
TSOOL.JJ
TTOOS.SJ
I.SZLLLL

step=293, rand=6, actions=<Down>
Want & Got
-----------
........
.Z......
ZZ......
Z.Z.....
.ZZTT.I.
TZTTTTI.
TTZTTZI.
TZZZZZI.
TSOOL.JJ
TTOOS.SJ
I.SZLLLL

step=294, rand=6, actions=<Down>
Want & Got
-----------
........
........
.Z......
ZZZ.....
ZZZTT.I.
TZTTTTI.
TTZTTZI.
TZZZZZI.
TSOOL.JJ
TTOOS.SJ
I.SZLLLL

step=295, rand=4, actions=<Down>
Want & Got
-----------
...SS...
..SS....
.Z......
ZZZ.....
ZZZTT.I.
TZTTTTI.
TTZTTZI.
TZZZZZI.
TSOOL.JJ
TTOOS.SJ
I.SZLLLL

step=296, rand=4, actions=<RotateRight>
Want & Got
-----------
...S....
...SS...
.Z..S...
ZZZ.....
ZZZTT.I.
TZTTTTI.
TTZTTZI.
TZZZZZI.
TSOOL.JJ
TTOOS.SJ
I.SZLLLL

step=297, rand=4, actions=<Right>
Want & Got
-----------
....S...
....SS..
.Z...S..
ZZZ.....
ZZZTT.I.
TZTTTTI.
TTZTTZI.
TZZZZZI.
TSOOL.JJ
TTOOS.SJ
I.SZLLLL

step=298, rand=4, actions=<Down>
Want & Got
-----------
........
....S...
.Z..SS..
ZZZ..S..
ZZZTT.I.
TZTTTTI.
TTZTTZI.
TZZZZZI.
TSOOL.JJ
TTOOS.SJ
I.SZLLLL

step=299, rand=4, actions=<Down>
Want & Got
-----------
........
........
.Z..S...
ZZZ.SS..
ZZZTTSI.
TZTTTTI.
TTZTTZI.
TZZZZZI.
TSOOL.JJ
TTOOS.SJ
I.SZLLLL

step=300, rand=3, actions=<Down>
Want & Got
-----------
...OO...
...OO...
.Z..S...
ZZZ.SS..
ZZZTTSI.
TZTTTTI.
TTZTTZI.
TZZZZZI.
TSOOL.JJ
TTOOS.SJ
I.SZLLLL

step=301, rand=3, actions=<Right>
Want & Got
-----------
....OO..
....OO..
.Z..S...
ZZZ.SS..
ZZZTTSI.
TZTTTTI.
TTZTTZI.
TZZZZZI.
TSOOL.JJ
TTOOS.SJ
I.SZLLLL

step=302, rand=3, actions=<Right>
Want & Got
-----------
.....OO.
.....OO.
.Z..S...
ZZZ.SS..
ZZZTTSI.
TZTTTTI.
TTZTTZI.
TZZZZZI.
TSOOL.JJ
TTOOS.SJ
I.SZLLLL

step=303, rand=3, actions=<Right>
Want & Got
-----------
......OO
......OO
.Z..S...
ZZZ.SS..
ZZZTTSI.
TZTTTTI.
TTZTTZI.
TZZZZZI.
TSOOL.JJ
TTOOS.SJ
I.SZLLLL

step=304, rand=3, actions=<Down>
Want & Got
-----------
........
......OO
.Z..S.OO
ZZZ.SS..
ZZZTTSI.
TZTTTTI.
TTZTTZI.
TZZZZZI.
TSOOL.JJ
TTOOS.SJ
I.SZLLLL

step=305, rand=3, actions=<Down>
Want & Got
-----------
........
........
.Z..S.OO
ZZZ.SSOO
ZZZTTSI.
TZTTTTI.
TTZTTZI.
TZZZZZI.
TSOOL.JJ
TTOOS.SJ
I.SZLLLL

step=306, rand=3, actions=<Down>
Want & Got
-----------
...OO...
...OO...
.Z..S.OO
ZZZ.SSOO
ZZZTTSI.
TZTTTTI.
TTZTTZI.
TZZZZZI.
TSOOL.JJ
TTOOS.SJ
I.SZLLLL

step=307, rand=3, actions=<Left>
Want & Got
-----------
..OO....
..OO....
.Z..S.OO
ZZZ.SSOO
ZZZTTSI.
TZTTTTI.
TTZTTZI.
TZZZZZI.
TSOOL.JJ
TTOOS.SJ
I.SZLLLL

step=308, rand=3, actions=<Left>
Want & Got
-----------
.OO.....
.OO.....
.Z..S.OO
ZZZ.SSOO
ZZZTTSI.
TZTTTTI.
TTZTTZI.
TZZZZZI.
TSOOL.JJ
TTOOS.SJ
I.SZLLLL

step=309, rand=3, actions=<Right>
Want & Got
-----------
..OO....
..OO....
.Z..S.OO
ZZZ.SSOO
ZZZTTSI.
TZTTTTI.
TTZTTZI.
TZZZZZI.
TSOOL.JJ
TTOOS.SJ
I.SZLLLL

step=310, rand=3, actions=<Down>
Want & Got
-----------
........
..OO....
.ZOOS.OO
ZZZ.SSOO
ZZZTTSI.
TZTTTTI.
TTZTTZI.
TZZZZZI.
TSOOL.JJ
TTOOS.SJ
I.SZLLLL

step=311, rand=1, actions=<Down>
Want & Got
----------
GameOverDisplay()

==================================
test6x10 : [?] Pass : +0.09 Points
This is what we got & expected:

step=0, rand=1, actions=<>
Want & Got
----------
.J....
.JJJ..
......
......
......
......
......
......
......
......

step=1, rand=1, actions=<RotateRight>
Want & Got
----------
..JJ..
..J...
..J...
......
......
......
......
......
......
......

step=2, rand=1, actions=<RotateRight>
Want & Got
----------
......
.JJJ..
...J..
......
......
......
......
......
......
......

step=3, rand=1, actions=<RotateRight>
Want & Got
----------
..J...
..J...
.JJ...
......
......
......
......
......
......
......

step=4, rand=1, actions=<Right>
Want & Got
----------
...J..
...J..
..JJ..
......
......
......
......
......
......
......

step=5, rand=1, actions=<Right>
Want & Got
----------
....J.
....J.
...JJ.
......
......
......
......
......
......
......

step=6, rand=1, actions=<Down>
Want & Got
----------
......
....J.
....J.
...JJ.
......
......
......
......
......
......

step=7, rand=1, actions=<Down>
Want & Got
----------
......
......
....J.
....J.
...JJ.
......
......
......
......
......

step=8, rand=1, actions=<Down>
Want & Got
----------
......
......
......
....J.
....J.
...JJ.
......
......
......
......

step=9, rand=1, actions=<Down>
Want & Got
----------
......
......
......
......
....J.
....J.
...JJ.
......
......
......

step=10, rand=1, actions=<Down>
Want & Got
----------
......
......
......
......
......
....J.
....J.
...JJ.
......
......

step=11, rand=1, actions=<Down>
Want & Got
----------
......
......
......
......
......
......
....J.
....J.
...JJ.
......

step=12, rand=1, actions=<Down>
Want & Got
----------
......
......
......
......
......
......
......
....J.
....J.
...JJ.

step=13, rand=4, actions=<Down>
Want & Got
----------
..SS..
.SS...
......
......
......
......
......
....J.
....J.
...JJ.

step=14, rand=4, actions=<Right>
Want & Got
----------
...SS.
..SS..
......
......
......
......
......
....J.
....J.
...JJ.

step=15, rand=4, actions=<Down>
Want & Got
----------
......
...SS.
..SS..
......
......
......
......
....J.
....J.
...JJ.

step=16, rand=4, actions=<Down>
Want & Got
----------
......
......
...SS.
..SS..
......
......
......
....J.
....J.
...JJ.

step=17, rand=4, actions=<Down>
Want & Got
----------
......
......
......
...SS.
..SS..
......
......
....J.
....J.
...JJ.

step=18, rand=4, actions=<Left>
Want & Got
----------
......
......
......
..SS..
.SS...
......
......
....J.
....J.
...JJ.

step=19, rand=4, actions=<Down>
Want & Got
----------
......
......
......
......
..SS..
.SS...
......
....J.
....J.
...JJ.

step=20, rand=4, actions=<Down>
Want & Got
----------
......
......
......
......
......
..SS..
.SS...
....J.
....J.
...JJ.

step=21, rand=4, actions=<Down>
Want & Got
----------
......
......
......
......
......
......
..SS..
.SS.J.
....J.
...JJ.

step=22, rand=4, actions=<Down>
Want & Got
----------
......
......
......
......
......
......
......
..SSJ.
.SS.J.
...JJ.

step=23, rand=4, actions=<Down>
Want & Got
----------
......
......
......
......
......
......
......
....J.
..SSJ.
.SSJJ.

step=24, rand=4, actions=<RotateRight>
Want & Got
----------
......
......
......
......
......
......
......
....J.
..SSJ.
.SSJJ.

step=25, rand=1, actions=<Down>
Want & Got
----------
.J....
.JJJ..
......
......
......
......
......
....J.
..SSJ.
.SSJJ.

step=26, rand=1, actions=<RotateRight>
Want & Got
----------
..JJ..
..J...
..J...
......
......
......
......
....J.
..SSJ.
.SSJJ.

step=27, rand=1, actions=<RotateRight>
Want & Got
----------
......
.JJJ..
...J..
......
......
......
......
....J.
..SSJ.
.SSJJ.

step=28, rand=1, actions=<RotateRight>
Want & Got
----------
..J...
..J...
.JJ...
......
......
......
......
....J.
..SSJ.
.SSJJ.

step=29, rand=1, actions=<Right>
Want & Got
----------
...J..
...J..
..JJ..
......
......
......
......
....J.
..SSJ.
.SSJJ.

step=30, rand=1, actions=<Down>
Want & Got
----------
......
...J..
...J..
..JJ..
......
......
......
....J.
..SSJ.
.SSJJ.

step=31, rand=1, actions=<Down>
Want & Got
----------
......
......
...J..
...J..
..JJ..
......
......
....J.
..SSJ.
.SSJJ.

step=32, rand=1, actions=<Down>
Want & Got
----------
......
......
......
...J..
...J..
..JJ..
......
....J.
..SSJ.
.SSJJ.

step=33, rand=1, actions=<Down>
Want & Got
----------
......
......
......
......
...J..
...J..
..JJ..
....J.
..SSJ.
.SSJJ.

step=34, rand=1, actions=<Down>
Want & Got
----------
......
......
......
......
......
...J..
...J..
..JJJ.
..SSJ.
.SSJJ.

step=35, rand=1, actions=<Down>
Want & Got
----------
.J....
.JJJ..
......
......
......
...J..
...J..
..JJJ.
..SSJ.
.SSJJ.

step=36, rand=1, actions=<RotateRight>
Want & Got
----------
..JJ..
..J...
..J...
......
......
...J..
...J..
..JJJ.
..SSJ.
.SSJJ.

step=37, rand=1, actions=<Down>
Want & Got
----------
......
..JJ..
..J...
..J...
......
...J..
...J..
..JJJ.
..SSJ.
.SSJJ.

step=38, rand=1, actions=<Down>
Want & Got
----------
......
......
..JJ..
..J...
..J...
...J..
...J..
..JJJ.
..SSJ.
.SSJJ.

step=39, rand=1, actions=<Down>
Want & Got
----------
......
......
......
..JJ..
..J...
..JJ..
...J..
..JJJ.
..SSJ.
.SSJJ.

step=40, rand=1, actions=<Down>
Want & Got
----------
......
......
......
......
..JJ..
..JJ..
..JJ..
..JJJ.
..SSJ.
.SSJJ.

step=41, rand=5, actions=<Down>
Want & Got
----------
..T...
.TTT..
......
......
..JJ..
..JJ..
..JJ..
..JJJ.
..SSJ.
.SSJJ.

step=42, rand=5, actions=<RotateRight>
Want & Got
----------
..T...
..TT..
..T...
......
..JJ..
..JJ..
..JJ..
..JJJ.
..SSJ.
.SSJJ.

step=43, rand=5, actions=<Left>
Want & Got
----------
.T....
.TT...
.T....
......
..JJ..
..JJ..
..JJ..
..JJJ.
..SSJ.
.SSJJ.

step=44, rand=5, actions=<Left>
Want & Got
----------
T.....
TT....
T.....
......
..JJ..
..JJ..
..JJ..
..JJJ.
..SSJ.
.SSJJ.

step=45, rand=5, actions=<Down>
Want & Got
----------
......
T.....
TT....
T.....
..JJ..
..JJ..
..JJ..
..JJJ.
..SSJ.
.SSJJ.

step=46, rand=5, actions=<Down>
Want & Got
----------
......
......
T.....
TT....
T.JJ..
..JJ..
..JJ..
..JJJ.
..SSJ.
.SSJJ.

step=47, rand=5, actions=<Down>
Want & Got
----------
......
......
......
T.....
TTJJ..
T.JJ..
..JJ..
..JJJ.
..SSJ.
.SSJJ.

step=48, rand=5, actions=<Down>
Want & Got
----------
......
......
......
......
T.JJ..
TTJJ..
T.JJ..
..JJJ.
..SSJ.
.SSJJ.

step=49, rand=5, actions=<Down>
Want & Got
----------
......
......
......
......
..JJ..
T.JJ..
TTJJ..
T.JJJ.
..SSJ.
.SSJJ.

step=50, rand=5, actions=<Down>
Want & Got
----------
......
......
......
......
..JJ..
..JJ..
T.JJ..
TTJJJ.
T.SSJ.
.SSJJ.

step=51, rand=5, actions=<Down>
Want & Got
----------
......
......
......
......
..JJ..
..JJ..
..JJ..
T.JJJ.
TTSSJ.
TSSJJ.

step=52, rand=5, actions=<Left>
Want & Got
----------
......
......
......
......
..JJ..
..JJ..
..JJ..
T.JJJ.
TTSSJ.
TSSJJ.

step=53, rand=3, actions=<Down>
Want & Got
----------
..OO..
..OO..
......
......
..JJ..
..JJ..
..JJ..
T.JJJ.
TTSSJ.
TSSJJ.

step=54, rand=3, actions=<Left>
Want & Got
----------
.OO...
.OO...
......
......
..JJ..
..JJ..
..JJ..
T.JJJ.
TTSSJ.
TSSJJ.

step=55, rand=3, actions=<Left>
Want & Got
----------
OO....
OO....
......
......
..JJ..
..JJ..
..JJ..
T.JJJ.
TTSSJ.
TSSJJ.

step=56, rand=3, actions=<Down>
Want & Got
----------
......
OO....
OO....
......
..JJ..
..JJ..
..JJ..
T.JJJ.
TTSSJ.
TSSJJ.

step=57, rand=3, actions=<Down>
Want & Got
----------
......
......
OO....
OO....
..JJ..
..JJ..
..JJ..
T.JJJ.
TTSSJ.
TSSJJ.

step=58, rand=3, actions=<Down>
Want & Got
----------
......
......
......
OO....
OOJJ..
..JJ..
..JJ..
T.JJJ.
TTSSJ.
TSSJJ.

step=59, rand=3, actions=<Down>
Want & Got
----------
......
......
......
......
OOJJ..
OOJJ..
..JJ..
T.JJJ.
TTSSJ.
TSSJJ.

step=60, rand=3, actions=<Down>
Want & Got
----------
......
......
......
......
..JJ..
OOJJ..
OOJJ..
T.JJJ.
TTSSJ.
TSSJJ.

step=61, rand=1, actions=<Down>
Want & Got
----------
.J....
.JJJ..
......
......
..JJ..
OOJJ..
OOJJ..
T.JJJ.
TTSSJ.
TSSJJ.

step=62, rand=1, actions=<RotateRight>
Want & Got
----------
..JJ..
..J...
..J...
......
..JJ..
OOJJ..
OOJJ..
T.JJJ.
TTSSJ.
TSSJJ.

step=63, rand=1, actions=<RotateRight>
Want & Got
----------
......
.JJJ..
...J..
......
..JJ..
OOJJ..
OOJJ..
T.JJJ.
TTSSJ.
TSSJJ.

step=64, rand=1, actions=<RotateRight>
Want & Got
----------
..J...
..J...
.JJ...
......
..JJ..
OOJJ..
OOJJ..
T.JJJ.
TTSSJ.
TSSJJ.

step=65, rand=1, actions=<Left>
Want & Got
----------
.J....
.J....
JJ....
......
..JJ..
OOJJ..
OOJJ..
T.JJJ.
TTSSJ.
TSSJJ.

step=66, rand=1, actions=<Down>
Want & Got
----------
......
.J....
.J....
JJ....
..JJ..
OOJJ..
OOJJ..
T.JJJ.
TTSSJ.
TSSJJ.

step=67, rand=1, actions=<Down>
Want & Got
----------
......
......
.J....
.J....
JJJJ..
OOJJ..
OOJJ..
T.JJJ.
TTSSJ.
TSSJJ.

step=68, rand=1, actions=<Down>
Want & Got
----------
.J....
.JJJ..
.J....
.J....
JJJJ..
OOJJ..
OOJJ..
T.JJJ.
TTSSJ.
TSSJJ.

step=69, rand=1, actions=<RotateRight>
Want & Got
----------
..JJ..
..J...
.JJ...
.J....
JJJJ..
OOJJ..
OOJJ..
T.JJJ.
TTSSJ.
TSSJJ.

step=70, rand=1, actions=<RotateRight>
Want & Got
----------
......
.JJJ..
.J.J..
.J....
JJJJ..
OOJJ..
OOJJ..
T.JJJ.
TTSSJ.
TSSJJ.

step=71, rand=1, actions=<RotateRight>
Want & Got
----------
......
.JJJ..
.J.J..
.J....
JJJJ..
OOJJ..
OOJJ..
T.JJJ.
TTSSJ.
TSSJJ.

step=72, rand=1, actions=<Right>
Want & Got
----------
......
..JJJ.
.J..J.
.J....
JJJJ..
OOJJ..
OOJJ..
T.JJJ.
TTSSJ.
TSSJJ.

step=73, rand=1, actions=<RotateRight>
Want & Got
----------
...J..
...J..
.JJJ..
.J....
JJJJ..
OOJJ..
OOJJ..
T.JJJ.
TTSSJ.
TSSJJ.

step=74, rand=1, actions=<Right>
Want & Got
----------
....J.
....J.
.J.JJ.
.J....
JJJJ..
OOJJ..
OOJJ..
T.JJJ.
TTSSJ.
TSSJJ.

step=75, rand=1, actions=<Right>
Want & Got
----------
.....J
.....J
.J..JJ
.J....
JJJJ..
OOJJ..
OOJJ..
T.JJJ.
TTSSJ.
TSSJJ.

step=76, rand=1, actions=<Down>
Want & Got
----------
......
.....J
.J...J
.J..JJ
JJJJ..
OOJJ..
OOJJ..
T.JJJ.
TTSSJ.
TSSJJ.

step=77, rand=1, actions=<Down>
Want & Got
----------
......
......
.J...J
.J...J
JJJJJJ
OOJJ..
OOJJ..
T.JJJ.
TTSSJ.
TSSJJ.

step=78, rand=1, actions=<Down>
Want & Got
----------
......
......
.J....
.J...J
JJJJ.J
OOJJJJ
OOJJ..
T.JJJ.
TTSSJ.
TSSJJ.

step=79, rand=1, actions=<Down>
Want & Got
----------
......
......
.J....
.J....
JJJJ.J
OOJJ.J
OOJJJJ
T.JJJ.
TTSSJ.
TSSJJ.

step=80, rand=5, actions=<Down>
Want & Got
----------
..T...
.TTT..
......
.J....
.J....
JJJJ.J
OOJJ.J
T.JJJ.
TTSSJ.
TSSJJ.

step=81, rand=5, actions=<Right>
Want & Got
----------
...T..
..TTT.
......
.J....
.J....
JJJJ.J
OOJJ.J
T.JJJ.
TTSSJ.
TSSJJ.

step=82, rand=5, actions=<RotateRight>
Want & Got
----------
...T..
...TT.
...T..
.J....
.J....
JJJJ.J
OOJJ.J
T.JJJ.
TTSSJ.
TSSJJ.

step=83, rand=5, actions=<RotateRight>
Want & Got
----------
......
..TTT.
...T..
.J....
.J....
JJJJ.J
OOJJ.J
T.JJJ.
TTSSJ.
TSSJJ.

step=84, rand=5, actions=<Right>
Want & Got
----------
......
...TTT
....T.
.J....
.J....
JJJJ.J
OOJJ.J
T.JJJ.
TTSSJ.
TSSJJ.

step=85, rand=5, actions=<Down>
Want & Got
----------
......
......
...TTT
.J..T.
.J....
JJJJ.J
OOJJ.J
T.JJJ.
TTSSJ.
TSSJJ.

step=86, rand=5, actions=<Down>
Want & Got
----------
......
......
......
.J.TTT
.J..T.
JJJJ.J
OOJJ.J
T.JJJ.
TTSSJ.
TSSJJ.

step=87, rand=5, actions=<Down>
Want & Got
----------
......
......
......
.J....
.J.TTT
JJJJTJ
OOJJ.J
T.JJJ.
TTSSJ.
TSSJJ.

step=88, rand=3, actions=<Down>
Want & Got
----------
..OO..
..OO..
......
......
.J....
.J.TTT
OOJJ.J
T.JJJ.
TTSSJ.
TSSJJ.

step=89, rand=3, actions=<Right>
Want & Got
----------
...OO.
...OO.
......
......
.J....
.J.TTT
OOJJ.J
T.JJJ.
TTSSJ.
TSSJJ.

step=90, rand=3, actions=<Right>
Want & Got
----------
....OO
....OO
......
......
.J....
.J.TTT
OOJJ.J
T.JJJ.
TTSSJ.
TSSJJ.

step=91, rand=3, actions=<Left>
Want & Got
----------
...OO.
...OO.
......
......
.J....
.J.TTT
OOJJ.J
T.JJJ.
TTSSJ.
TSSJJ.

step=92, rand=3, actions=<Down>
Want & Got
----------
......
...OO.
...OO.
......
.J....
.J.TTT
OOJJ.J
T.JJJ.
TTSSJ.
TSSJJ.

step=93, rand=3, actions=<Right>
Want & Got
----------
......
....OO
....OO
......
.J....
.J.TTT
OOJJ.J
T.JJJ.
TTSSJ.
TSSJJ.

step=94, rand=3, actions=<Down>
Want & Got
----------
......
......
....OO
....OO
.J....
.J.TTT
OOJJ.J
T.JJJ.
TTSSJ.
TSSJJ.

step=95, rand=3, actions=<Down>
Want & Got
----------
......
......
......
....OO
.J..OO
.J.TTT
OOJJ.J
T.JJJ.
TTSSJ.
TSSJJ.

step=96, rand=4, actions=<Down>
Want & Got
----------
..SS..
.SS...
......
....OO
.J..OO
.J.TTT
OOJJ.J
T.JJJ.
TTSSJ.
TSSJJ.

step=97, rand=4, actions=<RotateRight>
Want & Got
----------
..S...
..SS..
...S..
....OO
.J..OO
.J.TTT
OOJJ.J
T.JJJ.
TTSSJ.
TSSJJ.

step=98, rand=4, actions=<Left>
Want & Got
----------
.S....
.SS...
..S...
....OO
.J..OO
.J.TTT
OOJJ.J
T.JJJ.
TTSSJ.
TSSJJ.

step=99, rand=4, actions=<Down>
Want & Got
----------
......
.S....
.SS...
..S.OO
.J..OO
.J.TTT
OOJJ.J
T.JJJ.
TTSSJ.
TSSJJ.

step=100, rand=4, actions=<Down>
Want & Got
----------
......
......
.S....
.SS.OO
.JS.OO
.J.TTT
OOJJ.J
T.JJJ.
TTSSJ.
TSSJJ.

step=101, rand=1, actions=<Down>
Want & Got
----------
.J....
.JJJ..
.S....
.SS.OO
.JS.OO
.J.TTT
OOJJ.J
T.JJJ.
TTSSJ.
TSSJJ.

step=102, rand=1, actions=<Right>
Want & Got
----------
..J...
..JJJ.
.S....
.SS.OO
.JS.OO
.J.TTT
OOJJ.J
T.JJJ.
TTSSJ.
TSSJJ.

step=103, rand=1, actions=<RotateRight>
Want & Got
----------
...JJ.
...J..
.S.J..
.SS.OO
.JS.OO
.J.TTT
OOJJ.J
T.JJJ.
TTSSJ.
TSSJJ.

step=104, rand=1, actions=<Down>
Want & Got
----------
......
...JJ.
.S.J..
.SSJOO
.JS.OO
.J.TTT
OOJJ.J
T.JJJ.
TTSSJ.
TSSJJ.

step=105, rand=1, actions=<Down>
Want & Got
----------
......
......
.S.JJ.
.SSJOO
.JSJOO
.J.TTT
OOJJ.J
T.JJJ.
TTSSJ.
TSSJJ.

step=106, rand=3, actions=<Down>
Want & Got
----------
..OO..
..OO..
.S.JJ.
.SSJOO
.JSJOO
.J.TTT
OOJJ.J
T.JJJ.
TTSSJ.
TSSJJ.

step=107, rand=3, actions=<Right>
Want & Got
----------
...OO.
...OO.
.S.JJ.
.SSJOO
.JSJOO
.J.TTT
OOJJ.J
T.JJJ.
TTSSJ.
TSSJJ.

step=108, rand=3, actions=<Right>
Want & Got
----------
....OO
....OO
.S.JJ.
.SSJOO
.JSJOO
.J.TTT
OOJJ.J
T.JJJ.
TTSSJ.
TSSJJ.

step=109, rand=3, actions=<Right>
Want & Got
----------
....OO
....OO
.S.JJ.
.SSJOO
.JSJOO
.J.TTT
OOJJ.J
T.JJJ.
TTSSJ.
TSSJJ.

step=110, rand=3, actions=<Down>
Want & Got
----------
..OOOO
..OOOO
.S.JJ.
.SSJOO
.JSJOO
.J.TTT
OOJJ.J
T.JJJ.
TTSSJ.
TSSJJ.

step=111, rand=3, actions=<Left>
Want & Got
----------
.OO.OO
.OO.OO
.S.JJ.
.SSJOO
.JSJOO
.J.TTT
OOJJ.J
T.JJJ.
TTSSJ.
TSSJJ.

step=112, rand=3, actions=<Left>
Want & Got
----------
OO..OO
OO..OO
.S.JJ.
.SSJOO
.JSJOO
.J.TTT
OOJJ.J
T.JJJ.
TTSSJ.
TSSJJ.

step=113, rand=3, actions=<Left>
Want & Got
----------
OO..OO
OO..OO
.S.JJ.
.SSJOO
.JSJOO
.J.TTT
OOJJ.J
T.JJJ.
TTSSJ.
TSSJJ.

step=114, rand=5, actions=<Down>
Want & Got
----------
GameOverDisplay()

====================================================================
Interleave Test: testGame5x9, testGame8x11 : [?] Pass : +0.09 Points
=================================================================
Interleave Test: testGame8x11, test6x10 : [?] Pass : +0.09 Points
]]></system-out>
  <system-err><![CDATA[]]></system-err>
</testsuite>
